48.0 APEX_CODE,FINEST;APEX_PROFILING,INFO;CALLOUT,INFO;DB,INFO;NBA,INFO;SYSTEM,DEBUG;VALIDATION,INFO;VISUALFORCE,FINER;WAVE,INFO;WORKFLOW,INFO
14:19:07.2 (2495372)|USER_INFO|[EXTERNAL]|0055w00000C3LSY|musicmanmorris@playful-shark-cj0qnn.com|(GMT-07:00) Pacific Daylight Time (America/Los_Angeles)|GMT-07:00
14:19:07.2 (2555180)|EXECUTION_STARTED
14:19:07.2 (2564122)|CODE_UNIT_STARTED|[EXTERNAL]|01p5w00000Ka3h6|AccountProcessorTest.testAccountProcessor()
14:19:07.2 (2872437)|HEAP_ALLOCATE|[79]|Bytes:3
14:19:07.2 (2985233)|HEAP_ALLOCATE|[84]|Bytes:152
14:19:07.2 (3025174)|HEAP_ALLOCATE|[399]|Bytes:408
14:19:07.2 (3044346)|HEAP_ALLOCATE|[412]|Bytes:408
14:19:07.2 (3061038)|HEAP_ALLOCATE|[520]|Bytes:48
14:19:07.2 (3093127)|HEAP_ALLOCATE|[139]|Bytes:6
14:19:07.2 (3113162)|HEAP_ALLOCATE|[EXTERNAL]|Bytes:43
14:19:07.2 (3183490)|METHOD_ENTRY|[2]|01p5w00000Ka3h6|AccountProcessorTest.AccountProcessorTest()
14:19:07.2 (3202651)|STATEMENT_EXECUTE|[2]
14:19:07.2 (3208118)|STATEMENT_EXECUTE|[2]
14:19:07.2 (3238782)|METHOD_EXIT|[2]|AccountProcessorTest
14:19:07.2 (3307242)|HEAP_ALLOCATE|[52]|Bytes:5
14:19:07.2 (3343640)|HEAP_ALLOCATE|[58]|Bytes:5
14:19:07.2 (3352831)|HEAP_ALLOCATE|[66]|Bytes:7
14:19:07.2 (3401016)|STATEMENT_EXECUTE|[4]
14:19:07.2 (3404644)|STATEMENT_EXECUTE|[6]
14:19:07.2 (4966087)|HEAP_ALLOCATE|[6]|Bytes:5
14:19:07.2 (5049692)|USER_DEBUG|[6]|ERROR|Hello
14:19:07.2 (5071275)|STATEMENT_EXECUTE|[7]
14:19:07.2 (5136740)|HEAP_ALLOCATE|[7]|Bytes:4
14:19:07.2 (5235585)|HEAP_ALLOCATE|[7]|Bytes:9
14:19:07.2 (5375477)|VARIABLE_ASSIGNMENT|[7]|this.Name|"Test Name"|0x1d23865c
14:19:07.2 (5415938)|VARIABLE_SCOPE_BEGIN|[7]|a|Account|true|false
14:19:07.2 (5458457)|VARIABLE_ASSIGNMENT|[7]|a|{"Name":"Test Name"}|0x1d23865c
14:19:07.2 (5471327)|STATEMENT_EXECUTE|[8]
14:19:07.2 (5512974)|HEAP_ALLOCATE|[8]|Bytes:8
14:19:07.2 (5530484)|DML_BEGIN|[8]|Op:Insert|Type:Account|Rows:1
14:19:07.2 (5578370)|HEAP_ALLOCATE|[EXTERNAL]|Bytes:8
14:19:07.2 (59885461)|CODE_UNIT_STARTED|[EXTERNAL]|01q5w000000Ocrg|AccountAddressTrigger on Account trigger event BeforeInsert|__sfdc_trigger/AccountAddressTrigger
14:19:07.2 (59953470)|HEAP_ALLOCATE|[EXTERNAL]|Bytes:8
14:19:07.2 (60087335)|HEAP_ALLOCATE|[EXTERNAL]|Bytes:4
14:19:07.2 (60106619)|VARIABLE_SCOPE_BEGIN|[1]|this|AccountAddressTrigger|true|false
14:19:07.2 (60172034)|VARIABLE_ASSIGNMENT|[1]|this|{}|0x25487495
14:19:07.2 (60222422)|HEAP_ALLOCATE|[EXTERNAL]|Bytes:4
14:19:07.2 (60234196)|VARIABLE_SCOPE_BEGIN|[1]|this|AccountAddressTrigger|true|false
14:19:07.2 (60253827)|VARIABLE_ASSIGNMENT|[1]|this|{}|0x25487495
14:19:07.2 (60271448)|STATEMENT_EXECUTE|[1]
14:19:07.2 (60566565)|HEAP_ALLOCATE|[2]|Bytes:5
14:19:07.2 (60620727)|HEAP_ALLOCATE|[2]|Bytes:4
14:19:07.2 (60633068)|VARIABLE_SCOPE_BEGIN|[2]|a|Account|true|false
14:19:07.2 (63864498)|VARIABLE_ASSIGNMENT|[2]|a|{"Data_Quality_Description__c":"Missing: Industry, R (36 more) ...","IsDeleted":false,"CleanStatus":"Pending","IsBuyer":false,"OwnerId":"0055w00000C3LSYAA3","Match_Billing_Address__c":false,"Data_Quality_Score__c":0,"Name":"Test Name"}|0x4b80bbb6
14:19:07.2 (63891631)|STATEMENT_EXECUTE|[2]
14:19:07.2 (63949328)|STATEMENT_EXECUTE|[3]
14:19:07.2 (63972447)|HEAP_ALLOCATE|[2]|Bytes:5
14:19:07.2 (63995286)|VARIABLE_ASSIGNMENT|[2]|a|null|
14:19:07.64 (64009669)|CUMULATIVE_LIMIT_USAGE
14:19:07.64 (64009669)|LIMIT_USAGE_FOR_NS|(default)|
  Number of SOQL queries: 0 out of 100
  Number of query rows: 0 out of 50000
  Number of SOSL queries: 0 out of 20
  Number of DML statements: 1 out of 150
  Number of DML rows: 1 out of 10000
  Maximum CPU time: 0 out of 10000
  Maximum heap size: 0 out of 6000000
  Number of callouts: 0 out of 100
  Number of Email Invocations: 0 out of 10
  Number of future calls: 0 out of 50
  Number of queueable jobs added to the queue: 0 out of 50
  Number of Mobile Apex push calls: 0 out of 10

14:19:07.64 (64009669)|CUMULATIVE_LIMIT_USAGE_END

14:19:07.2 (65125663)|CODE_UNIT_FINISHED|AccountAddressTrigger on Account trigger event BeforeInsert|__sfdc_trigger/AccountAddressTrigger
14:19:07.2 (67332282)|CODE_UNIT_STARTED|[EXTERNAL]|01q5w000000OcqJ|HelloWorldTrigger on Account trigger event BeforeInsert|__sfdc_trigger/HelloWorldTrigger
14:19:07.2 (67381371)|HEAP_ALLOCATE|[EXTERNAL]|Bytes:8
14:19:07.2 (67479351)|HEAP_ALLOCATE|[EXTERNAL]|Bytes:1
14:19:07.2 (67500617)|HEAP_ALLOCATE|[EXTERNAL]|Bytes:4
14:19:07.2 (67512433)|VARIABLE_SCOPE_BEGIN|[1]|this|HelloWorldTrigger|true|false
14:19:07.2 (67544125)|VARIABLE_ASSIGNMENT|[1]|this|{}|0x2ec318e3
14:19:07.2 (67585276)|HEAP_ALLOCATE|[EXTERNAL]|Bytes:4
14:19:07.2 (67595100)|VARIABLE_SCOPE_BEGIN|[1]|this|HelloWorldTrigger|true|false
14:19:07.2 (67611997)|VARIABLE_ASSIGNMENT|[1]|this|{}|0x2ec318e3
14:19:07.2 (67622403)|STATEMENT_EXECUTE|[1]
14:19:07.2 (67626015)|STATEMENT_EXECUTE|[2]
14:19:07.2 (67630309)|HEAP_ALLOCATE|[2]|Bytes:12
14:19:07.2 (67676658)|USER_DEBUG|[2]|DEBUG|Hello World!
14:19:07.67 (67692704)|CUMULATIVE_LIMIT_USAGE
14:19:07.67 (67692704)|LIMIT_USAGE_FOR_NS|(default)|
  Number of SOQL queries: 0 out of 100
  Number of query rows: 0 out of 50000
  Number of SOSL queries: 0 out of 20
  Number of DML statements: 1 out of 150
  Number of DML rows: 1 out of 10000
  Maximum CPU time: 0 out of 10000
  Maximum heap size: 0 out of 6000000
  Number of callouts: 0 out of 100
  Number of Email Invocations: 0 out of 10
  Number of future calls: 0 out of 50
  Number of queueable jobs added to the queue: 0 out of 50
  Number of Mobile Apex push calls: 0 out of 10

14:19:07.67 (67692704)|CUMULATIVE_LIMIT_USAGE_END

14:19:07.2 (68644269)|CODE_UNIT_FINISHED|HelloWorldTrigger on Account trigger event BeforeInsert|__sfdc_trigger/HelloWorldTrigger
14:19:07.2 (111494080)|CODE_UNIT_STARTED|[EXTERNAL]|01q5w000000Ocr2|AddRelatedRecord on Account trigger event AfterInsert|__sfdc_trigger/AddRelatedRecord
14:19:07.2 (111559899)|HEAP_ALLOCATE|[EXTERNAL]|Bytes:8
14:19:07.2 (111823883)|HEAP_ALLOCATE|[EXTERNAL]|Bytes:8
14:19:07.2 (111848925)|VARIABLE_SCOPE_BEGIN|[1]|this|AddRelatedRecord|true|false
14:19:07.2 (111916475)|VARIABLE_ASSIGNMENT|[1]|this|{}|0x72972902
14:19:07.2 (111972290)|HEAP_ALLOCATE|[EXTERNAL]|Bytes:8
14:19:07.2 (111984786)|VARIABLE_SCOPE_BEGIN|[1]|this|AddRelatedRecord|true|false
14:19:07.2 (112003664)|VARIABLE_ASSIGNMENT|[1]|this|{}|0x72972902
14:19:07.2 (112019587)|STATEMENT_EXECUTE|[1]
14:19:07.2 (112022662)|STATEMENT_EXECUTE|[2]
14:19:07.2 (112039089)|HEAP_ALLOCATE|[2]|Bytes:4
14:19:07.2 (112165117)|HEAP_ALLOCATE|[EXTERNAL]|Bytes:4
14:19:07.2 (112185886)|VARIABLE_ASSIGNMENT|[2]|this.oppList|[]|0x72972902
14:19:07.2 (112201816)|HEAP_ALLOCATE|[6]|Bytes:101
14:19:07.2 (112226905)|HEAP_ALLOCATE|[6]|Bytes:4
14:19:07.2 (112237905)|HEAP_ALLOCATE|[6]|Bytes:7
14:19:07.2 (119959540)|SOQL_EXECUTE_BEGIN|[6]|Aggregations:0|SELECT Id, Name FROM Account 
14:19:07.2 (128671742)|SOQL_EXECUTE_END|[6]|Rows:1
14:19:07.2 (128710828)|HEAP_ALLOCATE|[EXTERNAL]|Bytes:8
14:19:07.2 (128946966)|HEAP_ALLOCATE|[6]|Bytes:54
14:19:07.2 (128961076)|HEAP_ALLOCATE|[6]|Bytes:8
14:19:07.2 (129014701)|SYSTEM_METHOD_ENTRY|[7]|QueryLocatorIterator.QueryLocatorIterator()
14:19:07.2 (129027702)|STATEMENT_EXECUTE|[7]
14:19:07.2 (129039534)|SYSTEM_METHOD_EXIT|[7]|QueryLocatorIterator
14:19:07.2 (129056005)|HEAP_ALLOCATE|[6]|Bytes:28
14:19:07.2 (129093664)|HEAP_ALLOCATE|[6]|Bytes:8
14:19:07.2 (129110154)|HEAP_ALLOCATE|[6]|Bytes:8
14:19:07.2 (129115694)|HEAP_ALLOCATE|[6]|Bytes:8
14:19:07.2 (129125563)|VARIABLE_SCOPE_BEGIN|[15]|this|Database.QueryLocatorIterator|true|false
14:19:07.2 (129206650)|VARIABLE_ASSIGNMENT|[15]|this|{}|0x578c5eb6
14:19:07.2 (129216575)|VARIABLE_SCOPE_BEGIN|[15]|values|List<SObject>|true|false
14:19:07.2 (129245492)|VARIABLE_ASSIGNMENT|[15]|values|[{"Id":"0015w00002H1XGBAA3","Name":"Test Name"}]|0x548c9b3c
14:19:07.2 (129261571)|VARIABLE_SCOPE_BEGIN|[15]|ql|Database.QueryLocator|true|false
14:19:07.2 (129299058)|VARIABLE_ASSIGNMENT|[15]|ql|{"query":"SELECT Id, Name FROM (81 more) ..."}|0x5803b0cd
14:19:07.2 (129307941)|VARIABLE_SCOPE_BEGIN|[15]|totalNumRecords|Integer|false|false
14:19:07.2 (129319790)|VARIABLE_ASSIGNMENT|[15]|totalNumRecords|1
14:19:07.2 (129327736)|VARIABLE_SCOPE_BEGIN|[15]|queryMoreSize|Integer|false|false
14:19:07.2 (129338151)|VARIABLE_ASSIGNMENT|[15]|queryMoreSize|49999
14:19:07.2 (129460897)|HEAP_ALLOCATE|[6]|Bytes:28
14:19:07.2 (129488636)|METHOD_ENTRY|[6]||Database.QueryLocatorIterator.hasNext()
14:19:07.2 (129560656)|METHOD_EXIT|[6]||Database.QueryLocatorIterator.hasNext()
14:19:07.2 (129569656)|METHOD_ENTRY|[6]||Database.QueryLocatorIterator.next()
14:19:07.2 (129685338)|METHOD_EXIT|[6]||Database.QueryLocatorIterator.next()
14:19:07.2 (129697196)|VARIABLE_SCOPE_BEGIN|[6]|a|Account|true|false
14:19:07.2 (129720337)|VARIABLE_ASSIGNMENT|[6]|a|{"Id":"0015w00002H1XGBAA3","Name":"Test Name"}|0x3fba8c6f
14:19:07.2 (129733011)|STATEMENT_EXECUTE|[8]
14:19:07.2 (129735226)|STATEMENT_EXECUTE|[10]
14:19:07.2 (129786512)|HEAP_ALLOCATE|[10]|Bytes:4
14:19:07.2 (129946543)|HEAP_ALLOCATE|[10]|Bytes:12
14:19:07.2 (129975533)|HEAP_ALLOCATE|[10]|Bytes:21
14:19:07.2 (130036262)|VARIABLE_ASSIGNMENT|[10]|this.Name|"Test Name Opportunit (1 more) ..."|0x7f53798e
14:19:07.2 (130048813)|HEAP_ALLOCATE|[11]|Bytes:11
14:19:07.2 (130086400)|VARIABLE_ASSIGNMENT|[10]|this.StageName|"Prospecting"|0x7f53798e
14:19:07.2 (130134414)|HEAP_ALLOCATE|[12]|Bytes:4
14:19:07.2 (130164516)|HEAP_ALLOCATE|[12]|Bytes:4
14:19:07.2 (130226223)|VARIABLE_ASSIGNMENT|[10]|this.CloseDate|"2020-09-04T00:00:00.000Z"|0x7f53798e
14:19:07.2 (130288287)|VARIABLE_ASSIGNMENT|[10]|this.AccountId|"0015w00002H1XGBAA3"|0x7f53798e
14:19:07.2 (130359296)|HEAP_ALLOCATE|[EXTERNAL]|Bytes:4
14:19:07.2 (130376944)|METHOD_ENTRY|[6]||Database.QueryLocatorIterator.hasNext()
14:19:07.2 (130407338)|METHOD_EXIT|[6]||Database.QueryLocatorIterator.hasNext()
14:19:07.2 (130419556)|VARIABLE_ASSIGNMENT|[6]|a|null|
14:19:07.2 (130465147)|STATEMENT_EXECUTE|[16]
14:19:07.2 (130467436)|STATEMENT_EXECUTE|[17]
14:19:07.2 (130526054)|DML_BEGIN|[17]|Op:Insert|Type:Opportunity|Rows:1
14:19:07.2 (130564721)|HEAP_ALLOCATE|[EXTERNAL]|Bytes:8
14:19:07.2 (233176254)|CODE_UNIT_STARTED|[EXTERNAL]|Workflow:Opportunity
14:19:07.2 (254273253)|WF_RULE_EVAL_BEGIN|Workflow
14:19:07.2 (254328583)|WF_CRITERIA_BEGIN|[Opportunity: Test Name Opportunity 0065w000024ijRY]|Opportunity_Management3015w0000001mP8|01Q5w000000Kin9|ON_ALL_CHANGES|0
14:19:07.2 (254525361)|WF_FORMULA|Formula:ENCODED:[treatNullAsNull]true|Values:
14:19:07.2 (254539802)|WF_CRITERIA_END|true
14:19:07.2 (264606781)|WF_CRITERIA_BEGIN|[Opportunity: Test Name Opportunity 0065w000024ijRY]|Opportunity_Status_Change3015w00000026em|01Q5w000000KpwJ|ON_ALL_CHANGES|0
14:19:07.2 (264761257)|WF_FORMULA|Formula:ENCODED:[treatNullAsNull]true|Values:
14:19:07.2 (264774127)|WF_CRITERIA_END|true
14:19:07.2 (264801612)|WF_SPOOL_ACTION_BEGIN|Workflow
14:19:07.2 (264837612)|WF_ACTION| Flow Trigger: 2;
14:19:07.2 (264843677)|WF_RULE_EVAL_END
14:19:07.395 (395102491)|FLOW_CREATE_INTERVIEW_BEGIN|00D5w0000050VTs|3005w0000000cJt|3015w0000001mP8
14:19:07.395 (395242527)|FLOW_CREATE_INTERVIEW_END|8518557acf75a72ef41a38c5c7cd173bb51c37e-59f4|Opportunity Management
14:19:07.2 (395352323)|WF_FLOW_ACTION_BEGIN|09L5w000000C1L7
14:19:07.398 (398780194)|FLOW_START_INTERVIEWS_BEGIN|1
14:19:07.398 (398817832)|FLOW_START_INTERVIEW_BEGIN|8518557acf75a72ef41a38c5c7cd173bb51c37e-59f4|Opportunity Management
14:19:07.398 (403068050)|FLOW_START_INTERVIEW_END|8518557acf75a72ef41a38c5c7cd173bb51c37e-59f4|Opportunity Management
14:19:07.398 (403104356)|FLOW_START_INTERVIEWS_END|1
14:19:07.398 (403129249)|FLOW_INTERVIEW_FINISHED|8518557acf75a72ef41a38c5c7cd173bb51c37e-59f4|Opportunity Management
14:19:07.2 (405130509)|WF_FLOW_ACTION_END|09L5w000000C1L7
14:19:07.465 (465498639)|FLOW_CREATE_INTERVIEW_BEGIN|00D5w0000050VTs|3005w0000000hvR|3015w00000026em
14:19:07.465 (465608557)|FLOW_CREATE_INTERVIEW_END|8519557acf75a72ef41a38c5c7cd173bb51c37e-59f3|Opportunity Status Change
14:19:07.2 (465677495)|WF_FLOW_ACTION_BEGIN|09L5w000000CAro
14:19:07.466 (466411226)|FLOW_START_INTERVIEWS_BEGIN|1
14:19:07.466 (466438690)|FLOW_START_INTERVIEW_BEGIN|8519557acf75a72ef41a38c5c7cd173bb51c37e-59f3|Opportunity Status Change
14:19:07.466 (467418749)|FLOW_START_INTERVIEW_END|8519557acf75a72ef41a38c5c7cd173bb51c37e-59f3|Opportunity Status Change
14:19:07.466 (467445316)|FLOW_START_INTERVIEWS_END|1
14:19:07.466 (467460543)|FLOW_INTERVIEW_FINISHED|8519557acf75a72ef41a38c5c7cd173bb51c37e-59f3|Opportunity Status Change
14:19:07.2 (468569054)|WF_FLOW_ACTION_END|09L5w000000CAro
14:19:07.2 (468693195)|WF_ACTIONS_END| Flow Trigger: 2;
14:19:07.2 (468705960)|CODE_UNIT_FINISHED|Workflow:Opportunity
14:19:07.2 (472879811)|DML_END|[17]
14:19:07.2 (472963253)|HEAP_ALLOCATE|[EXTERNAL]|Bytes:8
14:19:07.472 (472996894)|CUMULATIVE_LIMIT_USAGE
14:19:07.472 (472996894)|LIMIT_USAGE_FOR_NS|(default)|
  Number of SOQL queries: 1 out of 100
  Number of query rows: 1 out of 50000
  Number of SOSL queries: 0 out of 20
  Number of DML statements: 2 out of 150
  Number of DML rows: 2 out of 10000
  Maximum CPU time: 0 out of 10000
  Maximum heap size: 0 out of 6000000
  Number of callouts: 0 out of 100
  Number of Email Invocations: 0 out of 10
  Number of future calls: 0 out of 50
  Number of queueable jobs added to the queue: 0 out of 50
  Number of Mobile Apex push calls: 0 out of 10

14:19:07.472 (472996894)|CUMULATIVE_LIMIT_USAGE_END

14:19:07.2 (474389939)|CODE_UNIT_FINISHED|AddRelatedRecord on Account trigger event AfterInsert|__sfdc_trigger/AddRelatedRecord
14:19:07.2 (477225576)|DML_END|[8]
14:19:07.2 (477257488)|STATEMENT_EXECUTE|[9]
14:19:07.2 (477312326)|HEAP_ALLOCATE|[9]|Bytes:4
14:19:07.2 (477428919)|HEAP_ALLOCATE|[9]|Bytes:4
14:19:07.2 (477530697)|VARIABLE_ASSIGNMENT|[9]|this.FirstName|"Test"|0x78be38df
14:19:07.2 (477541940)|HEAP_ALLOCATE|[9]|Bytes:7
14:19:07.2 (477564827)|VARIABLE_ASSIGNMENT|[9]|this.LastName|"Contact"|0x78be38df
14:19:07.2 (477619276)|VARIABLE_ASSIGNMENT|[9]|this.AccountId|"0015w00002H1XGBAA3"|0x78be38df
14:19:07.2 (477658115)|VARIABLE_SCOPE_BEGIN|[9]|c|Contact|true|false
14:19:07.2 (477689836)|VARIABLE_ASSIGNMENT|[9]|c|{"FirstName":"Test","LastName":"Contact","AccountId":"0015w00002H1XGBAA3"}|0x78be38df
14:19:07.2 (477701534)|STATEMENT_EXECUTE|[10]
14:19:07.2 (477712617)|HEAP_ALLOCATE|[10]|Bytes:4
14:19:07.2 (477723422)|HEAP_ALLOCATE|[10]|Bytes:5
14:19:07.2 (477745411)|VARIABLE_ASSIGNMENT|[10]|this.FirstName|"Other"|0x40531bca
14:19:07.2 (477765500)|VARIABLE_ASSIGNMENT|[10]|this.LastName|"Test"|0x40531bca
14:19:07.2 (477791873)|VARIABLE_ASSIGNMENT|[10]|this.AccountId|"0015w00002H1XGBAA3"|0x40531bca
14:19:07.2 (477807440)|VARIABLE_SCOPE_BEGIN|[10]|c2|Contact|true|false
14:19:07.2 (477827525)|VARIABLE_ASSIGNMENT|[10]|c2|{"FirstName":"Other","LastName":"Test","AccountId":"0015w00002H1XGBAA3"}|0x40531bca
14:19:07.2 (477846738)|STATEMENT_EXECUTE|[11]
14:19:07.2 (477865001)|HEAP_ALLOCATE|[11]|Bytes:4
14:19:07.2 (477937093)|HEAP_ALLOCATE|[EXTERNAL]|Bytes:12
14:19:07.2 (477974879)|DML_BEGIN|[11]|Op:Insert|Type:SObject|Rows:2
14:19:07.2 (478023079)|HEAP_ALLOCATE|[EXTERNAL]|Bytes:12
14:19:07.2 (505063398)|CODE_UNIT_STARTED|[EXTERNAL]|01q5w000000Ocu6|RestrictContactByName on Contact trigger event BeforeInsert|__sfdc_trigger/RestrictContactByName
14:19:07.2 (505144454)|HEAP_ALLOCATE|[EXTERNAL]|Bytes:12
14:19:07.2 (505277908)|HEAP_ALLOCATE|[EXTERNAL]|Bytes:4
14:19:07.2 (505299515)|VARIABLE_SCOPE_BEGIN|[1]|this|RestrictContactByName|true|false
14:19:07.2 (505347793)|VARIABLE_ASSIGNMENT|[1]|this|{}|0x3447fcc1
14:19:07.2 (505402208)|HEAP_ALLOCATE|[EXTERNAL]|Bytes:4
14:19:07.2 (505415066)|VARIABLE_SCOPE_BEGIN|[1]|this|RestrictContactByName|true|false
14:19:07.2 (505432130)|VARIABLE_ASSIGNMENT|[1]|this|{}|0x3447fcc1
14:19:07.2 (505449379)|STATEMENT_EXECUTE|[1]
14:19:07.2 (505848754)|HEAP_ALLOCATE|[4]|Bytes:5
14:19:07.2 (505879963)|HEAP_ALLOCATE|[4]|Bytes:4
14:19:07.2 (505893057)|VARIABLE_SCOPE_BEGIN|[4]|c|Contact|true|false
14:19:07.2 (512177556)|VARIABLE_ASSIGNMENT|[4]|c|{"Prequalified__c":false,"IsDeleted":false,"AccountId":"0015w00002H1XGBAA3","IsEmailBounced":false,"DoNotCall":false,"FirstName":"Test","HasOptedOutOfEmail":false,"HasOptedOutOfFax":false,"Data_Quality_Description__c":"Missing: Phone, Emai (42 more) ...","CleanStatus":"Pending","OwnerId":"0055w00000C3LSYAA3","LastName":"Contact","Data_Quality_Score__c":0}|0x46157e98
14:19:07.2 (512208151)|STATEMENT_EXECUTE|[4]
14:19:07.2 (512255768)|HEAP_ALLOCATE|[5]|Bytes:11
14:19:07.2 (512302467)|STATEMENT_EXECUTE|[5]
14:19:07.2 (512334212)|HEAP_ALLOCATE|[4]|Bytes:5
14:19:07.2 (512359726)|HEAP_ALLOCATE|[4]|Bytes:4
14:19:07.2 (512373820)|VARIABLE_SCOPE_BEGIN|[4]|c|Contact|true|false
14:19:07.2 (513728208)|VARIABLE_ASSIGNMENT|[4]|c|{"Prequalified__c":false,"IsDeleted":false,"AccountId":"0015w00002H1XGBAA3","IsEmailBounced":false,"DoNotCall":false,"FirstName":"Other","HasOptedOutOfEmail":false,"HasOptedOutOfFax":false,"Data_Quality_Description__c":"Missing: Phone, Emai (42 more) ...","CleanStatus":"Pending","OwnerId":"0055w00000C3LSYAA3","LastName":"Test","Data_Quality_Score__c":0}|0x6a1641ac
14:19:07.2 (513750511)|STATEMENT_EXECUTE|[4]
14:19:07.2 (513780046)|STATEMENT_EXECUTE|[5]
14:19:07.2 (513799631)|HEAP_ALLOCATE|[4]|Bytes:5
14:19:07.2 (513820685)|VARIABLE_ASSIGNMENT|[4]|c|null|
14:19:07.513 (513844057)|CUMULATIVE_LIMIT_USAGE
14:19:07.513 (513844057)|LIMIT_USAGE_FOR_NS|(default)|
  Number of SOQL queries: 1 out of 100
  Number of query rows: 1 out of 50000
  Number of SOSL queries: 0 out of 20
  Number of DML statements: 3 out of 150
  Number of DML rows: 4 out of 10000
  Maximum CPU time: 0 out of 10000
  Maximum heap size: 0 out of 6000000
  Number of callouts: 0 out of 100
  Number of Email Invocations: 0 out of 10
  Number of future calls: 0 out of 50
  Number of queueable jobs added to the queue: 0 out of 50
  Number of Mobile Apex push calls: 0 out of 10

14:19:07.513 (513844057)|CUMULATIVE_LIMIT_USAGE_END

14:19:07.2 (515019518)|CODE_UNIT_FINISHED|RestrictContactByName on Contact trigger event BeforeInsert|__sfdc_trigger/RestrictContactByName
14:19:07.2 (551274955)|CODE_UNIT_STARTED|[EXTERNAL]|01q5w000000OcqO|ExampleTrigger on Contact trigger event AfterInsert|__sfdc_trigger/ExampleTrigger
14:19:07.2 (551341558)|HEAP_ALLOCATE|[EXTERNAL]|Bytes:12
14:19:07.2 (551501931)|HEAP_ALLOCATE|[EXTERNAL]|Bytes:4
14:19:07.2 (551521253)|VARIABLE_SCOPE_BEGIN|[1]|this|ExampleTrigger|true|false
14:19:07.2 (551568679)|VARIABLE_ASSIGNMENT|[1]|this|{}|0x776e787c
14:19:07.2 (551617603)|HEAP_ALLOCATE|[EXTERNAL]|Bytes:4
14:19:07.2 (551629505)|VARIABLE_SCOPE_BEGIN|[1]|this|ExampleTrigger|true|false
14:19:07.2 (551645405)|VARIABLE_ASSIGNMENT|[1]|this|{}|0x776e787c
14:19:07.2 (551664416)|STATEMENT_EXECUTE|[1]
14:19:07.2 (551689312)|STATEMENT_EXECUTE|[2]
14:19:07.2 (551691506)|STATEMENT_EXECUTE|[3]
14:19:07.2 (551762192)|VARIABLE_SCOPE_BEGIN|[3]|recordCount|Integer|false|false
14:19:07.2 (551774912)|HEAP_ALLOCATE|[3]|Bytes:4
14:19:07.2 (551791767)|VARIABLE_ASSIGNMENT|[3]|recordCount|2
14:19:07.2 (551802692)|STATEMENT_EXECUTE|[5]
14:19:07.2 (551810626)|HEAP_ALLOCATE|[5]|Bytes:24
14:19:07.2 (551822069)|HEAP_ALLOCATE|[5]|Bytes:26
14:19:07.2 (551900780)|HEAP_ALLOCATE|[6]|Bytes:1
14:19:07.2 (551915228)|HEAP_ALLOCATE|[6]|Bytes:26
14:19:07.2 (551925618)|HEAP_ALLOCATE|[6]|Bytes:27
14:19:07.2 (556490081)|HEAP_ALLOCATE|[5]|Bytes:4
14:19:07.2 (556515279)|HEAP_ALLOCATE|[5]|Bytes:5
14:19:07.2 (556547580)|METHOD_ENTRY|[1]|01p5w00000KZhjz|EmailManager.EmailManager()
14:19:07.2 (556562542)|STATEMENT_EXECUTE|[1]
14:19:07.2 (556571797)|STATEMENT_EXECUTE|[1]
14:19:07.2 (556581944)|METHOD_EXIT|[1]|EmailManager
14:19:07.2 (556633922)|METHOD_ENTRY|[5]|01p5w00000KZhjz|EmailManager.sendMail(String, String, String)
14:19:07.2 (556687163)|VARIABLE_SCOPE_BEGIN|[3]|address|String|false|false
14:19:07.2 (556721252)|VARIABLE_ASSIGNMENT|[3]|address|"musicmanmorris@gmail (4 more) ..."
14:19:07.2 (556735574)|VARIABLE_SCOPE_BEGIN|[3]|subject|String|false|false
14:19:07.2 (556755246)|VARIABLE_ASSIGNMENT|[3]|subject|"Trailhead Trigger Tu (6 more) ..."
14:19:07.2 (556765533)|VARIABLE_SCOPE_BEGIN|[3]|body|String|false|false
14:19:07.2 (556784668)|VARIABLE_ASSIGNMENT|[3]|body|"2 contact(s) were in (7 more) ..."
14:19:07.2 (556813309)|STATEMENT_EXECUTE|[3]
14:19:07.2 (556816476)|STATEMENT_EXECUTE|[5]
14:19:07.2 (556942805)|VARIABLE_SCOPE_BEGIN|[5]|mail|Messaging.SingleEmailMessage|true|false
14:19:07.2 (557273895)|VARIABLE_ASSIGNMENT|[5]|mail|"common.api.soap.wsdl.SingleEmailMessage@2d3c3e76"|0x3d7aa050
14:19:07.2 (557288901)|STATEMENT_EXECUTE|[6]
14:19:07.2 (557312537)|HEAP_ALLOCATE|[6]|Bytes:4
14:19:07.2 (557389866)|VARIABLE_SCOPE_BEGIN|[6]|toAddresses|List<String>|true|false
14:19:07.2 (557436047)|HEAP_ALLOCATE|[EXTERNAL]|Bytes:8
14:19:07.2 (557974887)|VARIABLE_ASSIGNMENT|[6]|toAddresses|["musicmanmorris@gmail (4 more) ..."]|0x66e2aef1
14:19:07.2 (557998931)|STATEMENT_EXECUTE|[7]
14:19:07.2 (558107558)|STATEMENT_EXECUTE|[8]
14:19:07.2 (558181418)|STATEMENT_EXECUTE|[9]
14:19:07.2 (558209422)|STATEMENT_EXECUTE|[12]
14:19:07.2 (558252993)|HEAP_ALLOCATE|[13]|Bytes:4
14:19:07.2 (558371683)|HEAP_ALLOCATE|[EXTERNAL]|Bytes:8
14:19:07.2 (558498756)|HEAP_ALLOCATE|[EXTERNAL]|Bytes:8
14:19:07.2 (619792109)|EMAIL_QUEUE|[12]|subject: Trailhead Trigger Tutorial, bccSender: false, saveAsActivity: true, useSignature: true, toAddresses: [musicmanmorris@gmail.com], plainTextBody: 2 contact(s) were inserted., 
14:19:07.2 (619940466)|HEAP_ALLOCATE|[EXTERNAL]|Bytes:8
14:19:07.2 (620017179)|HEAP_ALLOCATE|[12]|Bytes:8
14:19:07.2 (620092636)|VARIABLE_SCOPE_BEGIN|[12]|results|List<Messaging.SendEmailResult>|true|false
14:19:07.2 (620259101)|VARIABLE_ASSIGNMENT|[12]|results|"common.apex.runtime.impl.ScalarList@3482ecb2"|0x12c30093
14:19:07.2 (620276916)|STATEMENT_EXECUTE|[16]
14:19:07.2 (620311756)|METHOD_ENTRY|[16]|01p5w00000KZhjz|EmailManager.inspectResults(List<Messaging.SendEmailResult>)
14:19:07.2 (620349525)|VARIABLE_SCOPE_BEGIN|[20]|results|List<Messaging.SendEmailResult>|true|false
14:19:07.2 (620413026)|VARIABLE_ASSIGNMENT|[20]|results|"common.apex.runtime.impl.ScalarList@3482ecb2"|0x12c30093
14:19:07.2 (620454445)|STATEMENT_EXECUTE|[20]
14:19:07.2 (620456731)|STATEMENT_EXECUTE|[21]
14:19:07.2 (620463069)|VARIABLE_SCOPE_BEGIN|[21]|sendResult|Boolean|false|false
14:19:07.2 (620484331)|HEAP_ALLOCATE|[21]|Bytes:5
14:19:07.2 (620498238)|VARIABLE_ASSIGNMENT|[21]|sendResult|true
14:19:07.2 (620671697)|HEAP_ALLOCATE|[27]|Bytes:5
14:19:07.2 (620738216)|HEAP_ALLOCATE|[27]|Bytes:4
14:19:07.2 (620772164)|VARIABLE_SCOPE_BEGIN|[27]|res|Messaging.SendEmailResult|true|false
14:19:07.2 (620894622)|VARIABLE_ASSIGNMENT|[27]|res|"common.api.soap.wsdl.SendEmailResult@3482ec93"|0x5036475d
14:19:07.2 (620912730)|STATEMENT_EXECUTE|[27]
14:19:07.2 (620974851)|STATEMENT_EXECUTE|[28]
14:19:07.2 (620977031)|STATEMENT_EXECUTE|[29]
14:19:07.2 (620984254)|HEAP_ALLOCATE|[29]|Bytes:23
14:19:07.2 (621033116)|USER_DEBUG|[29]|DEBUG|Email sent successfully
14:19:07.2 (621060336)|HEAP_ALLOCATE|[27]|Bytes:5
14:19:07.2 (621076010)|VARIABLE_ASSIGNMENT|[27]|res|null|
14:19:07.2 (621085315)|STATEMENT_EXECUTE|[37]
14:19:07.2 (621093332)|METHOD_EXIT|[16]|01p5w00000KZhjz|EmailManager.inspectResults(List<Messaging.SendEmailResult>)
14:19:07.2 (621105840)|METHOD_EXIT|[5]|01p5w00000KZhjz|EmailManager.sendMail(String, String, String)
14:19:07.621 (621122333)|CUMULATIVE_LIMIT_USAGE
14:19:07.621 (621122333)|LIMIT_USAGE_FOR_NS|(default)|
  Number of SOQL queries: 1 out of 100
  Number of query rows: 1 out of 50000
  Number of SOSL queries: 0 out of 20
  Number of DML statements: 3 out of 150
  Number of DML rows: 4 out of 10000
  Maximum CPU time: 0 out of 10000
  Maximum heap size: 0 out of 6000000
  Number of callouts: 0 out of 100
  Number of Email Invocations: 1 out of 10
  Number of future calls: 0 out of 50
  Number of queueable jobs added to the queue: 0 out of 50
  Number of Mobile Apex push calls: 0 out of 10

14:19:07.621 (621122333)|CUMULATIVE_LIMIT_USAGE_END

14:19:07.2 (622356685)|CODE_UNIT_FINISHED|ExampleTrigger on Contact trigger event AfterInsert|__sfdc_trigger/ExampleTrigger
14:19:07.2 (624820798)|DML_END|[11]
14:19:07.2 (624884816)|HEAP_ALLOCATE|[EXTERNAL]|Bytes:12
14:19:07.2 (624906803)|STATEMENT_EXECUTE|[13]
14:19:07.2 (624914813)|HEAP_ALLOCATE|[13]|Bytes:69
14:19:07.2 (624943985)|HEAP_ALLOCATE|[13]|Bytes:4
14:19:07.2 (625361335)|SOQL_EXECUTE_BEGIN|[13]|Aggregations:1|SELECT Id, (SELECT Id FROM Contacts) FROM Account WHERE Id = :tmpVar1
14:19:07.2 (634931848)|SOQL_EXECUTE_END|[13]|Rows:1
14:19:07.2 (634973772)|HEAP_ALLOCATE|[13]|Bytes:8
14:19:07.2 (635028528)|HEAP_ALLOCATE|[13]|Bytes:161
14:19:07.2 (635079988)|HEAP_ALLOCATE|[13]|Bytes:8
14:19:07.2 (635105829)|VARIABLE_SCOPE_BEGIN|[13]|accList|List<Account>|true|false
14:19:07.2 (635156931)|VARIABLE_ASSIGNMENT|[13]|accList|[{"Id":"0015w00002H1XGBAA3","Contacts":[{"AccountId":"0015w00002H1XGBAA3","Id":"0035w00003AuRDmAAN"},{"AccountId":"0015w00002H1XGBAA3","Id":"0035w00003AuRDnAAN"}]}]|0x7bf4a111
14:19:07.2 (635179978)|STATEMENT_EXECUTE|[14]
14:19:07.2 (635199807)|HEAP_ALLOCATE|[14]|Bytes:4
14:19:07.2 (635251960)|VARIABLE_SCOPE_BEGIN|[14]|idList|List<Id>|true|false
14:19:07.2 (635288868)|HEAP_ALLOCATE|[EXTERNAL]|Bytes:4
14:19:07.2 (635299727)|VARIABLE_ASSIGNMENT|[14]|idList|[]|0x71dcb79a
14:19:07.2 (635367434)|HEAP_ALLOCATE|[15]|Bytes:5
14:19:07.2 (635392918)|HEAP_ALLOCATE|[15]|Bytes:12
14:19:07.2 (635404903)|VARIABLE_SCOPE_BEGIN|[15]|acc|Account|true|false
14:19:07.2 (635431853)|VARIABLE_ASSIGNMENT|[15]|acc|{"Id":"0015w00002H1XGBAA3","Contacts":[{"AccountId":"0015w00002H1XGBAA3","Id":"0035w00003AuRDmAAN"},{"AccountId":"0015w00002H1XGBAA3","Id":"0035w00003AuRDnAAN"}]}|0x6e7947de
14:19:07.2 (635443229)|STATEMENT_EXECUTE|[15]
14:19:07.2 (635445444)|STATEMENT_EXECUTE|[16]
14:19:07.2 (635503176)|HEAP_ALLOCATE|[EXTERNAL]|Bytes:4
14:19:07.2 (635521649)|HEAP_ALLOCATE|[15]|Bytes:5
14:19:07.2 (635535577)|VARIABLE_ASSIGNMENT|[15]|acc|null|
14:19:07.2 (635543543)|STATEMENT_EXECUTE|[18]
14:19:07.2 (635605763)|HEAP_ALLOCATE|[18]|Bytes:24
14:19:07.2 (635626759)|SYSTEM_METHOD_ENTRY|[1]|JSON.JSON()
14:19:07.2 (635633862)|STATEMENT_EXECUTE|[1]
14:19:07.2 (635643588)|SYSTEM_METHOD_EXIT|[1]|JSON
14:19:07.2 (635663083)|METHOD_ENTRY|[18]||System.JSON.serializePretty(Object)
14:19:07.2 (636004802)|METHOD_EXIT|[18]||System.JSON.serializePretty(Object)
14:19:07.2 (636028190)|USER_DEBUG|[18]|DEBUG|[ "0015w00002H1XGBAA3" ]
14:19:07.2 (636039842)|STATEMENT_EXECUTE|[19]
14:19:07.2 (636077331)|HEAP_ALLOCATE|[19]|Bytes:74
14:19:07.2 (636090700)|SYSTEM_METHOD_ENTRY|[1]|Test.Test()
14:19:07.2 (636096520)|STATEMENT_EXECUTE|[1]
14:19:07.2 (636102115)|SYSTEM_METHOD_EXIT|[1]|Test
14:19:07.2 (636111444)|METHOD_ENTRY|[19]||System.Test.startTest()
14:19:07.2 (637925392)|METHOD_EXIT|[19]||System.Test.startTest()
14:19:07.2 (637941407)|STATEMENT_EXECUTE|[20]
14:19:07.2 (637950795)|HEAP_ALLOCATE|[20]|Bytes:16
14:19:07.2 (637959556)|HEAP_ALLOCATE|[20]|Bytes:13
14:19:07.2 (637985222)|HEAP_ALLOCATE|[20]|Bytes:4
14:19:07.2 (638049153)|HEAP_ALLOCATE|[20]|Bytes:4
14:19:07.2 (638067887)|HEAP_ALLOCATE|[20]|Bytes:8
14:19:07.2 (638111316)|HEAP_ALLOCATE|[EXTERNAL]|Bytes:8
14:19:07.2 (638132753)|HEAP_ALLOCATE|[EXTERNAL]|Bytes:8
14:19:07.2 (644620299)|STATEMENT_EXECUTE|[21]
14:19:07.2 (644642728)|METHOD_ENTRY|[21]||System.Test.stopTest()
14:19:07.2 (646644340)|CODE_UNIT_STARTED|[EXTERNAL]|01p5w00000Ka3RN|AccountProcessor.countContacts(List<Id>)
14:19:07.2 (646737397)|HEAP_ALLOCATE|[EXTERNAL]|Bytes:1
14:19:07.2 (646759599)|METHOD_ENTRY|[1]|01p5w00000Ka3RN|AccountProcessor.AccountProcessor()
14:19:07.2 (646768058)|STATEMENT_EXECUTE|[1]
14:19:07.2 (646772940)|STATEMENT_EXECUTE|[1]
14:19:07.2 (647241978)|SYSTEM_MODE_ENTER|false
14:19:07.2 (647265528)|HEAP_ALLOCATE|[EXTERNAL]|Bytes:5
14:19:07.2 (647279153)|SYSTEM_MODE_EXIT|false
14:19:07.2 (647291774)|METHOD_EXIT|[1]|AccountProcessor
14:19:07.2 (647321340)|HEAP_ALLOCATE|[EXTERNAL]|Bytes:8
14:19:07.2 (647334847)|VARIABLE_SCOPE_BEGIN|[3]|acctIds|List<Id>|true|false
14:19:07.2 (647368848)|VARIABLE_ASSIGNMENT|[3]|acctIds|["0015w00002H1XGBAA3"]|0x71dcb79a
14:19:07.2 (647392815)|SYSTEM_MODE_ENTER|false
14:19:07.2 (647399829)|HEAP_ALLOCATE|[4]|Bytes:5
14:19:07.2 (647405853)|STATEMENT_EXECUTE|[3]
14:19:07.2 (647408151)|STATEMENT_EXECUTE|[4]
14:19:07.2 (647413789)|HEAP_ALLOCATE|[4]|Bytes:93
14:19:07.2 (647435345)|HEAP_ALLOCATE|[4]|Bytes:4
14:19:07.2 (647972477)|SOQL_EXECUTE_BEGIN|[4]|Aggregations:1|SELECT Id, Number_of_Contacts__c, (SELECT Id FROM Contacts) FROM Account WHERE Id IN :tmpVar1
14:19:07.2 (656323250)|SOQL_EXECUTE_END|[4]|Rows:1
14:19:07.2 (656365037)|HEAP_ALLOCATE|[4]|Bytes:8
14:19:07.2 (656423611)|HEAP_ALLOCATE|[4]|Bytes:161
14:19:07.2 (656473934)|HEAP_ALLOCATE|[4]|Bytes:8
14:19:07.2 (656497705)|VARIABLE_SCOPE_BEGIN|[4]|accounts|List<Account>|true|false
14:19:07.2 (656551560)|VARIABLE_ASSIGNMENT|[4]|accounts|[{"Id":"0015w00002H1XGBAA3","Contacts":[{"AccountId":"0015w00002H1XGBAA3","Id":"0035w00003AuRDmAAN"},{"AccountId":"0015w00002H1XGBAA3","Id":"0035w00003AuRDnAAN"}]}]|0x49bec9d2
14:19:07.2 (656568705)|STATEMENT_EXECUTE|[5]
14:19:07.2 (656581614)|HEAP_ALLOCATE|[5]|Bytes:4
14:19:07.2 (656631253)|VARIABLE_SCOPE_BEGIN|[5]|newList|List<Account>|true|false
14:19:07.2 (656646231)|HEAP_ALLOCATE|[EXTERNAL]|Bytes:4
14:19:07.2 (656654066)|VARIABLE_ASSIGNMENT|[5]|newList|[]|0x36726411
14:19:07.2 (656719921)|HEAP_ALLOCATE|[6]|Bytes:5
14:19:07.2 (656743998)|HEAP_ALLOCATE|[6]|Bytes:12
14:19:07.2 (656756010)|VARIABLE_SCOPE_BEGIN|[6]|a|Account|true|false
14:19:07.2 (656784633)|VARIABLE_ASSIGNMENT|[6]|a|{"Id":"0015w00002H1XGBAA3","Contacts":[{"AccountId":"0015w00002H1XGBAA3","Id":"0035w00003AuRDmAAN"},{"AccountId":"0015w00002H1XGBAA3","Id":"0035w00003AuRDnAAN"}]}|0x71fb3141
14:19:07.2 (656795850)|STATEMENT_EXECUTE|[6]
14:19:07.2 (656801911)|HEAP_ALLOCATE|[7]|Bytes:8
14:19:07.2 (656891608)|HEAP_ALLOCATE|[EXTERNAL]|Bytes:12
14:19:07.2 (656916886)|HEAP_ALLOCATE|[7]|Bytes:12
14:19:07.2 (656951963)|STATEMENT_EXECUTE|[7]
14:19:07.2 (656954010)|STATEMENT_EXECUTE|[8]
14:19:07.2 (656975795)|HEAP_ALLOCATE|[EXTERNAL]|Bytes:12
14:19:07.2 (656991390)|HEAP_ALLOCATE|[8]|Bytes:12
14:19:07.2 (657044363)|HEAP_ALLOCATE|[8]|Bytes:28
14:19:07.2 (657051087)|HEAP_ALLOCATE|[8]|Bytes:28
14:19:07.2 (657147920)|HEAP_ALLOCATE|[8]|Bytes:-4
14:19:07.2 (657241612)|VARIABLE_ASSIGNMENT|[8]|this.Number_of_Contacts__c|2|0x71fb3141
14:19:07.2 (657254444)|STATEMENT_EXECUTE|[9]
14:19:07.2 (657293923)|HEAP_ALLOCATE|[EXTERNAL]|Bytes:4
14:19:07.2 (657314374)|HEAP_ALLOCATE|[6]|Bytes:5
14:19:07.2 (657331759)|VARIABLE_ASSIGNMENT|[6]|a|null|
14:19:07.2 (657340248)|STATEMENT_EXECUTE|[12]
14:19:07.2 (657395611)|DML_BEGIN|[12]|Op:Update|Type:Account|Rows:1
14:19:07.2 (657434701)|HEAP_ALLOCATE|[EXTERNAL]|Bytes:8
14:19:07.2 (667695366)|CODE_UNIT_STARTED|[EXTERNAL]|01q5w000000Ocrg|AccountAddressTrigger on Account trigger event BeforeUpdate|__sfdc_trigger/AccountAddressTrigger
14:19:07.2 (667769106)|HEAP_ALLOCATE|[EXTERNAL]|Bytes:8
14:19:07.2 (667822081)|HEAP_ALLOCATE|[EXTERNAL]|Bytes:8
14:19:07.2 (667903277)|HEAP_ALLOCATE|[EXTERNAL]|Bytes:4
14:19:07.2 (667920275)|VARIABLE_SCOPE_BEGIN|[1]|this|AccountAddressTrigger|true|false
14:19:07.2 (667960957)|VARIABLE_ASSIGNMENT|[1]|this|{}|0xc3e057b
14:19:07.2 (667997975)|HEAP_ALLOCATE|[EXTERNAL]|Bytes:4
14:19:07.2 (668009422)|VARIABLE_SCOPE_BEGIN|[1]|this|AccountAddressTrigger|true|false
14:19:07.2 (668025697)|VARIABLE_ASSIGNMENT|[1]|this|{}|0xc3e057b
14:19:07.2 (668040193)|STATEMENT_EXECUTE|[1]
14:19:07.2 (668116530)|HEAP_ALLOCATE|[2]|Bytes:5
14:19:07.2 (668140871)|HEAP_ALLOCATE|[2]|Bytes:4
14:19:07.2 (668153255)|VARIABLE_SCOPE_BEGIN|[2]|a|Account|true|false
14:19:07.2 (670068480)|VARIABLE_ASSIGNMENT|[2]|a|{"LastModifiedDate":"2020-08-04T21:19:07.000Z","IsDeleted":false,"SystemModstamp":"2020-08-04T21:19:07.000Z","Name":"Test Name","Number_of_Contacts__c":2,"Data_Quality_Description__c":"Missing: Industry, R (36 more) ...","CleanStatus":"Pending","IsBuyer":false,"OwnerId":"0055w00000C3LSYAA3","CreatedById":"0055w00000C3LSYAA3","Match_Billing_Address__c":false,"CreatedDate":"2020-08-04T21:19:07.000Z","Id":"0015w00002H1XGBAA3","Data_Quality_Score__c":0,"LastModifiedById":"0055w00000C3LSYAA3"}|0x5c37b23a
14:19:07.2 (670096036)|STATEMENT_EXECUTE|[2]
14:19:07.2 (670141905)|STATEMENT_EXECUTE|[3]
14:19:07.2 (670164575)|HEAP_ALLOCATE|[2]|Bytes:5
14:19:07.2 (670189374)|VARIABLE_ASSIGNMENT|[2]|a|null|
14:19:07.670 (670203015)|CUMULATIVE_LIMIT_USAGE
14:19:07.670 (670203015)|LIMIT_USAGE_FOR_NS|(default)|
  Number of SOQL queries: 1 out of 200
  Number of query rows: 3 out of 50000
  Number of SOSL queries: 0 out of 20
  Number of DML statements: 1 out of 150
  Number of DML rows: 1 out of 10000
  Maximum CPU time: 0 out of 60000
  Maximum heap size: 0 out of 12000000
  Number of callouts: 0 out of 100
  Number of Email Invocations: 0 out of 10
  Number of future calls: 0 out of 50
  Number of queueable jobs added to the queue: 0 out of 1
  Number of Mobile Apex push calls: 0 out of 10

14:19:07.670 (670203015)|CUMULATIVE_LIMIT_USAGE_END

14:19:07.2 (671258176)|CODE_UNIT_FINISHED|AccountAddressTrigger on Account trigger event BeforeUpdate|__sfdc_trigger/AccountAddressTrigger
14:19:07.2 (693258737)|CODE_UNIT_STARTED|[EXTERNAL]|01q5w000000Ocr2|AddRelatedRecord on Account trigger event AfterUpdate|__sfdc_trigger/AddRelatedRecord
14:19:07.2 (693317860)|HEAP_ALLOCATE|[EXTERNAL]|Bytes:8
14:19:07.2 (693360445)|HEAP_ALLOCATE|[EXTERNAL]|Bytes:8
14:19:07.2 (693440889)|HEAP_ALLOCATE|[EXTERNAL]|Bytes:8
14:19:07.2 (693457618)|VARIABLE_SCOPE_BEGIN|[1]|this|AddRelatedRecord|true|false
14:19:07.2 (693501856)|VARIABLE_ASSIGNMENT|[1]|this|{}|0x6e7e3ec0
14:19:07.2 (693533369)|HEAP_ALLOCATE|[EXTERNAL]|Bytes:8
14:19:07.2 (693564976)|VARIABLE_SCOPE_BEGIN|[1]|this|AddRelatedRecord|true|false
14:19:07.2 (693582659)|VARIABLE_ASSIGNMENT|[1]|this|{}|0x6e7e3ec0
14:19:07.2 (693597579)|STATEMENT_EXECUTE|[1]
14:19:07.2 (693601241)|STATEMENT_EXECUTE|[2]
14:19:07.2 (693619248)|HEAP_ALLOCATE|[2]|Bytes:4
14:19:07.2 (693660206)|HEAP_ALLOCATE|[EXTERNAL]|Bytes:4
14:19:07.2 (693674641)|VARIABLE_ASSIGNMENT|[2]|this.oppList|[]|0x6e7e3ec0
14:19:07.2 (693698008)|HEAP_ALLOCATE|[6]|Bytes:4
14:19:07.2 (694153306)|SOQL_EXECUTE_BEGIN|[6]|Aggregations:0|SELECT Id, Name FROM Account 
14:19:07.2 (701487840)|SOQL_EXECUTE_END|[6]|Rows:0
14:19:07.2 (701654650)|HEAP_ALLOCATE|[6]|Bytes:28
14:19:07.2 (701679348)|HEAP_ALLOCATE|[6]|Bytes:8
14:19:07.2 (701688928)|HEAP_ALLOCATE|[6]|Bytes:8
14:19:07.2 (701698345)|VARIABLE_SCOPE_BEGIN|[15]|this|Database.QueryLocatorIterator|true|false
14:19:07.2 (701758759)|VARIABLE_ASSIGNMENT|[15]|this|{}|0x7fc523d2
14:19:07.2 (701774044)|VARIABLE_SCOPE_BEGIN|[15]|values|List<SObject>|true|false
14:19:07.2 (701795000)|VARIABLE_ASSIGNMENT|[15]|values|null|
14:19:07.2 (701803813)|VARIABLE_SCOPE_BEGIN|[15]|ql|Database.QueryLocator|true|false
14:19:07.2 (701849381)|VARIABLE_ASSIGNMENT|[15]|ql|{"query":"SELECT Id, Name FROM (81 more) ..."}|0x40c45822
14:19:07.2 (701860360)|VARIABLE_SCOPE_BEGIN|[15]|totalNumRecords|Integer|false|false
14:19:07.2 (701876412)|VARIABLE_ASSIGNMENT|[15]|totalNumRecords|0
14:19:07.2 (701883237)|VARIABLE_SCOPE_BEGIN|[15]|queryMoreSize|Integer|false|false
14:19:07.2 (701898069)|VARIABLE_ASSIGNMENT|[15]|queryMoreSize|49997
14:19:07.2 (701977901)|HEAP_ALLOCATE|[6]|Bytes:28
14:19:07.2 (702000690)|METHOD_ENTRY|[6]||Database.QueryLocatorIterator.hasNext()
14:19:07.2 (702036459)|METHOD_EXIT|[6]||Database.QueryLocatorIterator.hasNext()
14:19:07.2 (702050157)|VARIABLE_ASSIGNMENT|[6]|a|null|
14:19:07.2 (702066022)|STATEMENT_EXECUTE|[6]
14:19:07.2 (702098627)|STATEMENT_EXECUTE|[16]
14:19:07.702 (702104153)|CUMULATIVE_LIMIT_USAGE
14:19:07.702 (702104153)|LIMIT_USAGE_FOR_NS|(default)|
  Number of SOQL queries: 2 out of 200
  Number of query rows: 3 out of 50000
  Number of SOSL queries: 0 out of 20
  Number of DML statements: 1 out of 150
  Number of DML rows: 1 out of 10000
  Maximum CPU time: 0 out of 60000
  Maximum heap size: 0 out of 12000000
  Number of callouts: 0 out of 100
  Number of Email Invocations: 0 out of 10
  Number of future calls: 0 out of 50
  Number of queueable jobs added to the queue: 0 out of 1
  Number of Mobile Apex push calls: 0 out of 10

14:19:07.702 (702104153)|CUMULATIVE_LIMIT_USAGE_END

14:19:07.2 (703187317)|CODE_UNIT_FINISHED|AddRelatedRecord on Account trigger event AfterUpdate|__sfdc_trigger/AddRelatedRecord
14:19:07.2 (704719259)|DML_END|[12]
14:19:07.2 (704764735)|HEAP_ALLOCATE|[EXTERNAL]|Bytes:8
14:19:07.2 (704793878)|SYSTEM_MODE_EXIT|false
14:19:07.704 (704816279)|CUMULATIVE_LIMIT_USAGE
14:19:07.704 (704816279)|LIMIT_USAGE_FOR_NS|(default)|
  Number of SOQL queries: 2 out of 200
  Number of query rows: 3 out of 50000
  Number of SOSL queries: 0 out of 20
  Number of DML statements: 1 out of 150
  Number of DML rows: 1 out of 10000
  Maximum CPU time: 0 out of 60000
  Maximum heap size: 0 out of 12000000
  Number of callouts: 0 out of 100
  Number of Email Invocations: 0 out of 10
  Number of future calls: 0 out of 50
  Number of queueable jobs added to the queue: 0 out of 1
  Number of Mobile Apex push calls: 0 out of 10

14:19:07.704 (704816279)|CUMULATIVE_LIMIT_USAGE_END

14:19:07.2 (704863161)|CODE_UNIT_FINISHED|AccountProcessor.countContacts(List<Id>)
14:19:07.2 (706168948)|METHOD_EXIT|[21]||System.Test.stopTest()
14:19:07.2 (706183616)|STATEMENT_EXECUTE|[23]
14:19:07.2 (706194731)|HEAP_ALLOCATE|[23]|Bytes:65
14:19:07.2 (706228354)|HEAP_ALLOCATE|[23]|Bytes:4
14:19:07.2 (706579516)|SOQL_EXECUTE_BEGIN|[23]|Aggregations:0|SELECT Id, Number_of_Contacts__c FROM Account WHERE Id = :tmpVar1
14:19:07.2 (709767218)|SOQL_EXECUTE_END|[23]|Rows:1
14:19:07.2 (709797382)|HEAP_ALLOCATE|[23]|Bytes:8
14:19:07.2 (709842519)|HEAP_ALLOCATE|[23]|Bytes:90
14:19:07.2 (709883689)|HEAP_ALLOCATE|[23]|Bytes:8
14:19:07.2 (709903490)|HEAP_ALLOCATE|[23]|Bytes:33
14:19:07.2 (709932397)|HEAP_ALLOCATE|[23]|Bytes:12
14:19:07.2 (709942605)|VARIABLE_SCOPE_BEGIN|[23]|act|Account|true|false
14:19:07.2 (709984433)|VARIABLE_ASSIGNMENT|[23]|act|{"Id":"0015w00002H1XGBAA3","Number_of_Contacts__c":2}|0x75277b45
14:19:07.2 (709997282)|STATEMENT_EXECUTE|[24]
14:19:07.710 (710139479)|CUMULATIVE_LIMIT_USAGE
14:19:07.710 (710139479)|LIMIT_USAGE_FOR_NS|(default)|
  Number of SOQL queries: 3 out of 100
  Number of query rows: 5 out of 50000
  Number of SOSL queries: 0 out of 20
  Number of DML statements: 3 out of 150
  Number of DML rows: 4 out of 10000
  Maximum CPU time: 0 out of 10000
  Maximum heap size: 0 out of 6000000
  Number of callouts: 0 out of 100
  Number of Email Invocations: 1 out of 10
  Number of future calls: 0 out of 50
  Number of queueable jobs added to the queue: 0 out of 50
  Number of Mobile Apex push calls: 0 out of 10

14:19:07.710 (710139479)|TESTING_LIMITS
14:19:07.710 (710139479)|LIMIT_USAGE_FOR_NS|(default)|
  Number of SOQL queries: 0 out of 100
  Number of query rows: 0 out of 50000
  Number of SOSL queries: 0 out of 20
  Number of DML statements: 0 out of 150
  Number of DML rows: 0 out of 10000
  Maximum CPU time: 0 out of 10000
  Maximum heap size: 0 out of 6000000
  Number of callouts: 0 out of 100
  Number of Email Invocations: 0 out of 10
  Number of future calls: 1 out of 50
  Number of queueable jobs added to the queue: 0 out of 50
  Number of Mobile Apex push calls: 0 out of 10

14:19:07.710 (710139479)|CUMULATIVE_LIMIT_USAGE_END

14:19:07.2 (710198881)|CODE_UNIT_FINISHED|AccountProcessorTest.testAccountProcessor()
14:19:07.2 (710212017)|EXECUTION_FINISHED
