48.0 APEX_CODE,FINEST;APEX_PROFILING,INFO;CALLOUT,INFO;DB,INFO;NBA,INFO;SYSTEM,DEBUG;VALIDATION,INFO;VISUALFORCE,FINER;WAVE,INFO;WORKFLOW,INFO
14:14:19.2 (2999053)|USER_INFO|[EXTERNAL]|0055w00000C3LSY|musicmanmorris@playful-shark-cj0qnn.com|(GMT-07:00) Pacific Daylight Time (America/Los_Angeles)|GMT-07:00
14:14:19.2 (3062316)|EXECUTION_STARTED
14:14:19.2 (3071445)|CODE_UNIT_STARTED|[EXTERNAL]|01p5w00000Ka3h6|AccountProcessorTest.testAccountProcessor()
14:14:19.2 (3371207)|HEAP_ALLOCATE|[79]|Bytes:3
14:14:19.2 (3440163)|HEAP_ALLOCATE|[84]|Bytes:152
14:14:19.2 (3469601)|HEAP_ALLOCATE|[399]|Bytes:408
14:14:19.2 (3501705)|HEAP_ALLOCATE|[412]|Bytes:408
14:14:19.2 (3527953)|HEAP_ALLOCATE|[520]|Bytes:48
14:14:19.2 (3561633)|HEAP_ALLOCATE|[139]|Bytes:6
14:14:19.2 (3580934)|HEAP_ALLOCATE|[EXTERNAL]|Bytes:43
14:14:19.2 (3600937)|METHOD_ENTRY|[2]|01p5w00000Ka3h6|AccountProcessorTest.AccountProcessorTest()
14:14:19.2 (3613353)|STATEMENT_EXECUTE|[2]
14:14:19.2 (3621550)|STATEMENT_EXECUTE|[2]
14:14:19.2 (3629787)|METHOD_EXIT|[2]|AccountProcessorTest
14:14:19.2 (3666986)|HEAP_ALLOCATE|[52]|Bytes:5
14:14:19.2 (3702773)|HEAP_ALLOCATE|[58]|Bytes:5
14:14:19.2 (3713157)|HEAP_ALLOCATE|[66]|Bytes:7
14:14:19.2 (3755679)|STATEMENT_EXECUTE|[4]
14:14:19.2 (3758925)|STATEMENT_EXECUTE|[6]
14:14:19.2 (3763677)|HEAP_ALLOCATE|[6]|Bytes:5
14:14:19.2 (3807540)|USER_DEBUG|[6]|DEBUG|Hello
14:14:19.2 (3820029)|STATEMENT_EXECUTE|[7]
14:14:19.2 (3877162)|HEAP_ALLOCATE|[7]|Bytes:4
14:14:19.2 (3960694)|HEAP_ALLOCATE|[7]|Bytes:9
14:14:19.2 (4095752)|VARIABLE_ASSIGNMENT|[7]|this.Name|"Test Name"|0x1661d027
14:14:19.2 (4134867)|VARIABLE_SCOPE_BEGIN|[7]|a|Account|true|false
14:14:19.2 (4170143)|VARIABLE_ASSIGNMENT|[7]|a|{"Name":"Test Name"}|0x1661d027
14:14:19.2 (4178861)|STATEMENT_EXECUTE|[8]
14:14:19.2 (4206199)|HEAP_ALLOCATE|[8]|Bytes:8
14:14:19.2 (4219162)|DML_BEGIN|[8]|Op:Insert|Type:Account|Rows:1
14:14:19.2 (4258658)|HEAP_ALLOCATE|[EXTERNAL]|Bytes:8
14:14:19.2 (64242127)|CODE_UNIT_STARTED|[EXTERNAL]|01q5w000000Ocrg|AccountAddressTrigger on Account trigger event BeforeInsert|__sfdc_trigger/AccountAddressTrigger
14:14:19.2 (64298033)|HEAP_ALLOCATE|[EXTERNAL]|Bytes:8
14:14:19.2 (64386320)|HEAP_ALLOCATE|[EXTERNAL]|Bytes:4
14:14:19.2 (64402181)|VARIABLE_SCOPE_BEGIN|[1]|this|AccountAddressTrigger|true|false
14:14:19.2 (64462198)|VARIABLE_ASSIGNMENT|[1]|this|{}|0x22fc0a85
14:14:19.2 (64488589)|HEAP_ALLOCATE|[EXTERNAL]|Bytes:4
14:14:19.2 (64497751)|VARIABLE_SCOPE_BEGIN|[1]|this|AccountAddressTrigger|true|false
14:14:19.2 (64511413)|VARIABLE_ASSIGNMENT|[1]|this|{}|0x22fc0a85
14:14:19.2 (64522785)|STATEMENT_EXECUTE|[1]
14:14:19.2 (64741320)|HEAP_ALLOCATE|[2]|Bytes:5
14:14:19.2 (64811516)|HEAP_ALLOCATE|[2]|Bytes:4
14:14:19.2 (64822876)|VARIABLE_SCOPE_BEGIN|[2]|a|Account|true|false
14:14:19.2 (68181543)|VARIABLE_ASSIGNMENT|[2]|a|{"Data_Quality_Description__c":"Missing: Industry, R (36 more) ...","IsDeleted":false,"CleanStatus":"Pending","IsBuyer":false,"OwnerId":"0055w00000C3LSYAA3","Match_Billing_Address__c":false,"Data_Quality_Score__c":0,"Name":"Test Name"}|0x7dd1d711
14:14:19.2 (68222434)|STATEMENT_EXECUTE|[2]
14:14:19.2 (68314956)|STATEMENT_EXECUTE|[3]
14:14:19.2 (68349856)|HEAP_ALLOCATE|[2]|Bytes:5
14:14:19.2 (68382702)|VARIABLE_ASSIGNMENT|[2]|a|null|
14:14:19.68 (68396706)|CUMULATIVE_LIMIT_USAGE
14:14:19.68 (68396706)|LIMIT_USAGE_FOR_NS|(default)|
  Number of SOQL queries: 0 out of 100
  Number of query rows: 0 out of 50000
  Number of SOSL queries: 0 out of 20
  Number of DML statements: 1 out of 150
  Number of DML rows: 1 out of 10000
  Maximum CPU time: 0 out of 10000
  Maximum heap size: 0 out of 6000000
  Number of callouts: 0 out of 100
  Number of Email Invocations: 0 out of 10
  Number of future calls: 0 out of 50
  Number of queueable jobs added to the queue: 0 out of 50
  Number of Mobile Apex push calls: 0 out of 10

14:14:19.68 (68396706)|CUMULATIVE_LIMIT_USAGE_END

14:14:19.2 (69490619)|CODE_UNIT_FINISHED|AccountAddressTrigger on Account trigger event BeforeInsert|__sfdc_trigger/AccountAddressTrigger
14:14:19.2 (71063263)|CODE_UNIT_STARTED|[EXTERNAL]|01q5w000000OcqJ|HelloWorldTrigger on Account trigger event BeforeInsert|__sfdc_trigger/HelloWorldTrigger
14:14:19.2 (71119349)|HEAP_ALLOCATE|[EXTERNAL]|Bytes:8
14:14:19.2 (71202868)|HEAP_ALLOCATE|[EXTERNAL]|Bytes:1
14:14:19.2 (71215945)|HEAP_ALLOCATE|[EXTERNAL]|Bytes:4
14:14:19.2 (71225043)|VARIABLE_SCOPE_BEGIN|[1]|this|HelloWorldTrigger|true|false
14:14:19.2 (71255716)|VARIABLE_ASSIGNMENT|[1]|this|{}|0xdc797a7
14:14:19.2 (71281061)|HEAP_ALLOCATE|[EXTERNAL]|Bytes:4
14:14:19.2 (71289971)|VARIABLE_SCOPE_BEGIN|[1]|this|HelloWorldTrigger|true|false
14:14:19.2 (71302923)|VARIABLE_ASSIGNMENT|[1]|this|{}|0xdc797a7
14:14:19.2 (71313112)|STATEMENT_EXECUTE|[1]
14:14:19.2 (71317817)|STATEMENT_EXECUTE|[2]
14:14:19.2 (71324484)|HEAP_ALLOCATE|[2]|Bytes:12
14:14:19.2 (71376721)|USER_DEBUG|[2]|DEBUG|Hello World!
14:14:19.71 (71398971)|CUMULATIVE_LIMIT_USAGE
14:14:19.71 (71398971)|LIMIT_USAGE_FOR_NS|(default)|
  Number of SOQL queries: 0 out of 100
  Number of query rows: 0 out of 50000
  Number of SOSL queries: 0 out of 20
  Number of DML statements: 1 out of 150
  Number of DML rows: 1 out of 10000
  Maximum CPU time: 0 out of 10000
  Maximum heap size: 0 out of 6000000
  Number of callouts: 0 out of 100
  Number of Email Invocations: 0 out of 10
  Number of future calls: 0 out of 50
  Number of queueable jobs added to the queue: 0 out of 50
  Number of Mobile Apex push calls: 0 out of 10

14:14:19.71 (71398971)|CUMULATIVE_LIMIT_USAGE_END

14:14:19.2 (72459486)|CODE_UNIT_FINISHED|HelloWorldTrigger on Account trigger event BeforeInsert|__sfdc_trigger/HelloWorldTrigger
14:14:19.2 (168285767)|CODE_UNIT_STARTED|[EXTERNAL]|01q5w000000Ocr2|AddRelatedRecord on Account trigger event AfterInsert|__sfdc_trigger/AddRelatedRecord
14:14:19.2 (168341114)|HEAP_ALLOCATE|[EXTERNAL]|Bytes:8
14:14:19.2 (168475498)|HEAP_ALLOCATE|[EXTERNAL]|Bytes:8
14:14:19.2 (168489324)|VARIABLE_SCOPE_BEGIN|[1]|this|AddRelatedRecord|true|false
14:14:19.2 (168543162)|VARIABLE_ASSIGNMENT|[1]|this|{}|0x68a3bec8
14:14:19.2 (168572527)|HEAP_ALLOCATE|[EXTERNAL]|Bytes:8
14:14:19.2 (168581693)|VARIABLE_SCOPE_BEGIN|[1]|this|AddRelatedRecord|true|false
14:14:19.2 (168600867)|VARIABLE_ASSIGNMENT|[1]|this|{}|0x68a3bec8
14:14:19.2 (168613635)|STATEMENT_EXECUTE|[1]
14:14:19.2 (168617397)|STATEMENT_EXECUTE|[2]
14:14:19.2 (168753267)|HEAP_ALLOCATE|[2]|Bytes:4
14:14:19.2 (168882188)|HEAP_ALLOCATE|[EXTERNAL]|Bytes:4
14:14:19.2 (168901272)|VARIABLE_ASSIGNMENT|[2]|this.oppList|[]|0x68a3bec8
14:14:19.2 (168913372)|HEAP_ALLOCATE|[6]|Bytes:101
14:14:19.2 (168935389)|HEAP_ALLOCATE|[6]|Bytes:4
14:14:19.2 (168945771)|HEAP_ALLOCATE|[6]|Bytes:7
14:14:19.2 (180079800)|SOQL_EXECUTE_BEGIN|[6]|Aggregations:0|SELECT Id, Name FROM Account 
14:14:19.2 (199341440)|SOQL_EXECUTE_END|[6]|Rows:1
14:14:19.2 (199409264)|HEAP_ALLOCATE|[EXTERNAL]|Bytes:8
14:14:19.2 (199640932)|HEAP_ALLOCATE|[6]|Bytes:54
14:14:19.2 (199653406)|HEAP_ALLOCATE|[6]|Bytes:8
14:14:19.2 (199683271)|SYSTEM_METHOD_ENTRY|[7]|QueryLocatorIterator.QueryLocatorIterator()
14:14:19.2 (199691168)|STATEMENT_EXECUTE|[7]
14:14:19.2 (199704404)|SYSTEM_METHOD_EXIT|[7]|QueryLocatorIterator
14:14:19.2 (199715972)|HEAP_ALLOCATE|[6]|Bytes:28
14:14:19.2 (199752255)|HEAP_ALLOCATE|[6]|Bytes:8
14:14:19.2 (199766192)|HEAP_ALLOCATE|[6]|Bytes:8
14:14:19.2 (199771080)|HEAP_ALLOCATE|[6]|Bytes:8
14:14:19.2 (199781069)|VARIABLE_SCOPE_BEGIN|[15]|this|Database.QueryLocatorIterator|true|false
14:14:19.2 (199837509)|VARIABLE_ASSIGNMENT|[15]|this|{}|0x2e1230f2
14:14:19.2 (199845920)|VARIABLE_SCOPE_BEGIN|[15]|values|List<SObject>|true|false
14:14:19.2 (199876726)|VARIABLE_ASSIGNMENT|[15]|values|[{"Id":"0015w00002H1XEeAAN","Name":"Test Name"}]|0x1ca39689
14:14:19.2 (199884568)|VARIABLE_SCOPE_BEGIN|[15]|ql|Database.QueryLocator|true|false
14:14:19.2 (199930561)|VARIABLE_ASSIGNMENT|[15]|ql|{"query":"SELECT Id, Name FROM (81 more) ..."}|0xef60b5
14:14:19.2 (199942571)|VARIABLE_SCOPE_BEGIN|[15]|totalNumRecords|Integer|false|false
14:14:19.2 (199955206)|VARIABLE_ASSIGNMENT|[15]|totalNumRecords|1
14:14:19.2 (199961159)|VARIABLE_SCOPE_BEGIN|[15]|queryMoreSize|Integer|false|false
14:14:19.2 (199970737)|VARIABLE_ASSIGNMENT|[15]|queryMoreSize|49999
14:14:19.2 (202136325)|HEAP_ALLOCATE|[6]|Bytes:28
14:14:19.2 (202183970)|METHOD_ENTRY|[6]||Database.QueryLocatorIterator.hasNext()
14:14:19.2 (202274335)|METHOD_EXIT|[6]||Database.QueryLocatorIterator.hasNext()
14:14:19.2 (202284309)|METHOD_ENTRY|[6]||Database.QueryLocatorIterator.next()
14:14:19.2 (202417341)|METHOD_EXIT|[6]||Database.QueryLocatorIterator.next()
14:14:19.2 (202429571)|VARIABLE_SCOPE_BEGIN|[6]|a|Account|true|false
14:14:19.2 (202463313)|VARIABLE_ASSIGNMENT|[6]|a|{"Id":"0015w00002H1XEeAAN","Name":"Test Name"}|0x517cd5c4
14:14:19.2 (202474918)|STATEMENT_EXECUTE|[8]
14:14:19.2 (202478792)|STATEMENT_EXECUTE|[10]
14:14:19.2 (202533282)|HEAP_ALLOCATE|[10]|Bytes:4
14:14:19.2 (202691571)|HEAP_ALLOCATE|[10]|Bytes:12
14:14:19.2 (202715257)|HEAP_ALLOCATE|[10]|Bytes:21
14:14:19.2 (202780170)|VARIABLE_ASSIGNMENT|[10]|this.Name|"Test Name Opportunit (1 more) ..."|0x6e413e24
14:14:19.2 (202790976)|HEAP_ALLOCATE|[11]|Bytes:11
14:14:19.2 (202828619)|VARIABLE_ASSIGNMENT|[10]|this.StageName|"Prospecting"|0x6e413e24
14:14:19.2 (202871661)|HEAP_ALLOCATE|[12]|Bytes:4
14:14:19.2 (202909652)|HEAP_ALLOCATE|[12]|Bytes:4
14:14:19.2 (202967821)|VARIABLE_ASSIGNMENT|[10]|this.CloseDate|"2020-09-04T00:00:00.000Z"|0x6e413e24
14:14:19.2 (203041441)|VARIABLE_ASSIGNMENT|[10]|this.AccountId|"0015w00002H1XEeAAN"|0x6e413e24
14:14:19.2 (203114458)|HEAP_ALLOCATE|[EXTERNAL]|Bytes:4
14:14:19.2 (203136307)|METHOD_ENTRY|[6]||Database.QueryLocatorIterator.hasNext()
14:14:19.2 (203171004)|METHOD_EXIT|[6]||Database.QueryLocatorIterator.hasNext()
14:14:19.2 (203185281)|VARIABLE_ASSIGNMENT|[6]|a|null|
14:14:19.2 (203229100)|STATEMENT_EXECUTE|[16]
14:14:19.2 (203232379)|STATEMENT_EXECUTE|[17]
14:14:19.2 (203307321)|DML_BEGIN|[17]|Op:Insert|Type:Opportunity|Rows:1
14:14:19.2 (203351276)|HEAP_ALLOCATE|[EXTERNAL]|Bytes:8
14:14:19.2 (309511254)|CODE_UNIT_STARTED|[EXTERNAL]|Workflow:Opportunity
14:14:19.2 (338328785)|WF_RULE_EVAL_BEGIN|Workflow
14:14:19.2 (338381223)|WF_CRITERIA_BEGIN|[Opportunity: Test Name Opportunity 0065w000024ijQf]|Opportunity_Management3015w0000001mP8|01Q5w000000Kin9|ON_ALL_CHANGES|0
14:14:19.2 (338552872)|WF_FORMULA|Formula:ENCODED:[treatNullAsNull]true|Values:
14:14:19.2 (338564865)|WF_CRITERIA_END|true
14:14:19.2 (350271028)|WF_CRITERIA_BEGIN|[Opportunity: Test Name Opportunity 0065w000024ijQf]|Opportunity_Status_Change3015w00000026em|01Q5w000000KpwJ|ON_ALL_CHANGES|0
14:14:19.2 (350446214)|WF_FORMULA|Formula:ENCODED:[treatNullAsNull]true|Values:
14:14:19.2 (350457000)|WF_CRITERIA_END|true
14:14:19.2 (350484699)|WF_SPOOL_ACTION_BEGIN|Workflow
14:14:19.2 (350522069)|WF_ACTION| Flow Trigger: 2;
14:14:19.2 (350531056)|WF_RULE_EVAL_END
14:14:19.507 (507608892)|FLOW_CREATE_INTERVIEW_BEGIN|00D5w0000050VTs|3005w0000000cJt|3015w0000001mP8
14:14:19.507 (507726932)|FLOW_CREATE_INTERVIEW_END|2939f545dfed13e4dcea2b1a4e52173bb4fec28-6dc4|Opportunity Management
14:14:19.2 (507803382)|WF_FLOW_ACTION_BEGIN|09L5w000000C1L7
14:14:19.511 (511175735)|FLOW_START_INTERVIEWS_BEGIN|1
14:14:19.511 (511219577)|FLOW_START_INTERVIEW_BEGIN|2939f545dfed13e4dcea2b1a4e52173bb4fec28-6dc4|Opportunity Management
14:14:19.511 (514270203)|FLOW_START_INTERVIEW_END|2939f545dfed13e4dcea2b1a4e52173bb4fec28-6dc4|Opportunity Management
14:14:19.511 (514296093)|FLOW_START_INTERVIEWS_END|1
14:14:19.511 (514315212)|FLOW_INTERVIEW_FINISHED|2939f545dfed13e4dcea2b1a4e52173bb4fec28-6dc4|Opportunity Management
14:14:19.2 (516751803)|WF_FLOW_ACTION_END|09L5w000000C1L7
14:14:19.593 (593964492)|FLOW_CREATE_INTERVIEW_BEGIN|00D5w0000050VTs|3005w0000000hvR|3015w00000026em
14:14:19.593 (594086139)|FLOW_CREATE_INTERVIEW_END|2940f545dfed13e4dcea2b1a4e52173bb4fec28-6dc3|Opportunity Status Change
14:14:19.2 (594147986)|WF_FLOW_ACTION_BEGIN|09L5w000000CAro
14:14:19.594 (594779247)|FLOW_START_INTERVIEWS_BEGIN|1
14:14:19.594 (594808411)|FLOW_START_INTERVIEW_BEGIN|2940f545dfed13e4dcea2b1a4e52173bb4fec28-6dc3|Opportunity Status Change
14:14:19.594 (595730651)|FLOW_START_INTERVIEW_END|2940f545dfed13e4dcea2b1a4e52173bb4fec28-6dc3|Opportunity Status Change
14:14:19.594 (595753085)|FLOW_START_INTERVIEWS_END|1
14:14:19.594 (595767393)|FLOW_INTERVIEW_FINISHED|2940f545dfed13e4dcea2b1a4e52173bb4fec28-6dc3|Opportunity Status Change
14:14:19.2 (597016848)|WF_FLOW_ACTION_END|09L5w000000CAro
14:14:19.2 (597163559)|WF_ACTIONS_END| Flow Trigger: 2;
14:14:19.2 (597176685)|CODE_UNIT_FINISHED|Workflow:Opportunity
14:14:19.2 (601652002)|DML_END|[17]
14:14:19.2 (601757968)|HEAP_ALLOCATE|[EXTERNAL]|Bytes:8
14:14:19.601 (601800456)|CUMULATIVE_LIMIT_USAGE
14:14:19.601 (601800456)|LIMIT_USAGE_FOR_NS|(default)|
  Number of SOQL queries: 1 out of 100
  Number of query rows: 1 out of 50000
  Number of SOSL queries: 0 out of 20
  Number of DML statements: 2 out of 150
  Number of DML rows: 2 out of 10000
  Maximum CPU time: 0 out of 10000
  Maximum heap size: 0 out of 6000000
  Number of callouts: 0 out of 100
  Number of Email Invocations: 0 out of 10
  Number of future calls: 0 out of 50
  Number of queueable jobs added to the queue: 0 out of 50
  Number of Mobile Apex push calls: 0 out of 10

14:14:19.601 (601800456)|CUMULATIVE_LIMIT_USAGE_END

14:14:19.2 (603273536)|CODE_UNIT_FINISHED|AddRelatedRecord on Account trigger event AfterInsert|__sfdc_trigger/AddRelatedRecord
14:14:19.2 (606178333)|DML_END|[8]
14:14:19.2 (606226073)|STATEMENT_EXECUTE|[9]
14:14:19.2 (606321771)|HEAP_ALLOCATE|[9]|Bytes:4
14:14:19.2 (606440345)|HEAP_ALLOCATE|[9]|Bytes:4
14:14:19.2 (606511780)|VARIABLE_ASSIGNMENT|[9]|this.FirstName|"Test"|0x7875c352
14:14:19.2 (606521551)|HEAP_ALLOCATE|[9]|Bytes:7
14:14:19.2 (606541838)|VARIABLE_ASSIGNMENT|[9]|this.LastName|"Contact"|0x7875c352
14:14:19.2 (606595591)|VARIABLE_ASSIGNMENT|[9]|this.AccountId|"0015w00002H1XEeAAN"|0x7875c352
14:14:19.2 (606632462)|VARIABLE_SCOPE_BEGIN|[9]|c|Contact|true|false
14:14:19.2 (606663258)|VARIABLE_ASSIGNMENT|[9]|c|{"FirstName":"Test","LastName":"Contact","AccountId":"0015w00002H1XEeAAN"}|0x7875c352
14:14:19.2 (606673105)|STATEMENT_EXECUTE|[10]
14:14:19.2 (606684750)|HEAP_ALLOCATE|[10]|Bytes:4
14:14:19.2 (606694307)|HEAP_ALLOCATE|[10]|Bytes:5
14:14:19.2 (606713970)|VARIABLE_ASSIGNMENT|[10]|this.FirstName|"Other"|0x9418a78
14:14:19.2 (606732140)|VARIABLE_ASSIGNMENT|[10]|this.LastName|"Test"|0x9418a78
14:14:19.2 (606756717)|VARIABLE_ASSIGNMENT|[10]|this.AccountId|"0015w00002H1XEeAAN"|0x9418a78
14:14:19.2 (606770448)|VARIABLE_SCOPE_BEGIN|[10]|c2|Contact|true|false
14:14:19.2 (606788609)|VARIABLE_ASSIGNMENT|[10]|c2|{"FirstName":"Other","LastName":"Test","AccountId":"0015w00002H1XEeAAN"}|0x9418a78
14:14:19.2 (606796560)|STATEMENT_EXECUTE|[11]
14:14:19.2 (606816119)|HEAP_ALLOCATE|[11]|Bytes:4
14:14:19.2 (606887923)|HEAP_ALLOCATE|[EXTERNAL]|Bytes:12
14:14:19.2 (606925065)|DML_BEGIN|[11]|Op:Insert|Type:SObject|Rows:2
14:14:19.2 (606963471)|HEAP_ALLOCATE|[EXTERNAL]|Bytes:12
14:14:19.2 (640296638)|CODE_UNIT_STARTED|[EXTERNAL]|01q5w000000Ocu6|RestrictContactByName on Contact trigger event BeforeInsert|__sfdc_trigger/RestrictContactByName
14:14:19.2 (640387727)|HEAP_ALLOCATE|[EXTERNAL]|Bytes:12
14:14:19.2 (640477520)|HEAP_ALLOCATE|[EXTERNAL]|Bytes:4
14:14:19.2 (640492631)|VARIABLE_SCOPE_BEGIN|[1]|this|RestrictContactByName|true|false
14:14:19.2 (640542497)|VARIABLE_ASSIGNMENT|[1]|this|{}|0x1ab31443
14:14:19.2 (640587876)|HEAP_ALLOCATE|[EXTERNAL]|Bytes:4
14:14:19.2 (640600581)|VARIABLE_SCOPE_BEGIN|[1]|this|RestrictContactByName|true|false
14:14:19.2 (640616350)|VARIABLE_ASSIGNMENT|[1]|this|{}|0x1ab31443
14:14:19.2 (640627443)|STATEMENT_EXECUTE|[1]
14:14:19.2 (640909704)|HEAP_ALLOCATE|[4]|Bytes:5
14:14:19.2 (640942744)|HEAP_ALLOCATE|[4]|Bytes:4
14:14:19.2 (640962100)|VARIABLE_SCOPE_BEGIN|[4]|c|Contact|true|false
14:14:19.2 (647843444)|VARIABLE_ASSIGNMENT|[4]|c|{"Prequalified__c":false,"IsDeleted":false,"AccountId":"0015w00002H1XEeAAN","IsEmailBounced":false,"DoNotCall":false,"FirstName":"Test","HasOptedOutOfEmail":false,"HasOptedOutOfFax":false,"Data_Quality_Description__c":"Missing: Phone, Emai (42 more) ...","CleanStatus":"Pending","OwnerId":"0055w00000C3LSYAA3","LastName":"Contact","Data_Quality_Score__c":0}|0xe8c1760
14:14:19.2 (647876206)|STATEMENT_EXECUTE|[4]
14:14:19.2 (647927513)|HEAP_ALLOCATE|[5]|Bytes:11
14:14:19.2 (647986149)|STATEMENT_EXECUTE|[5]
14:14:19.2 (648030462)|HEAP_ALLOCATE|[4]|Bytes:5
14:14:19.2 (648061341)|HEAP_ALLOCATE|[4]|Bytes:4
14:14:19.2 (648078872)|VARIABLE_SCOPE_BEGIN|[4]|c|Contact|true|false
14:14:19.2 (649408917)|VARIABLE_ASSIGNMENT|[4]|c|{"Prequalified__c":false,"IsDeleted":false,"AccountId":"0015w00002H1XEeAAN","IsEmailBounced":false,"DoNotCall":false,"FirstName":"Other","HasOptedOutOfEmail":false,"HasOptedOutOfFax":false,"Data_Quality_Description__c":"Missing: Phone, Emai (42 more) ...","CleanStatus":"Pending","OwnerId":"0055w00000C3LSYAA3","LastName":"Test","Data_Quality_Score__c":0}|0x3c522887
14:14:19.2 (649434128)|STATEMENT_EXECUTE|[4]
14:14:19.2 (649472983)|STATEMENT_EXECUTE|[5]
14:14:19.2 (649502923)|HEAP_ALLOCATE|[4]|Bytes:5
14:14:19.2 (649532441)|VARIABLE_ASSIGNMENT|[4]|c|null|
14:14:19.649 (649546934)|CUMULATIVE_LIMIT_USAGE
14:14:19.649 (649546934)|LIMIT_USAGE_FOR_NS|(default)|
  Number of SOQL queries: 1 out of 100
  Number of query rows: 1 out of 50000
  Number of SOSL queries: 0 out of 20
  Number of DML statements: 3 out of 150
  Number of DML rows: 4 out of 10000
  Maximum CPU time: 0 out of 10000
  Maximum heap size: 0 out of 6000000
  Number of callouts: 0 out of 100
  Number of Email Invocations: 0 out of 10
  Number of future calls: 0 out of 50
  Number of queueable jobs added to the queue: 0 out of 50
  Number of Mobile Apex push calls: 0 out of 10

14:14:19.649 (649546934)|CUMULATIVE_LIMIT_USAGE_END

14:14:19.2 (650930997)|CODE_UNIT_FINISHED|RestrictContactByName on Contact trigger event BeforeInsert|__sfdc_trigger/RestrictContactByName
14:14:19.2 (694473996)|CODE_UNIT_STARTED|[EXTERNAL]|01q5w000000OcqO|ExampleTrigger on Contact trigger event AfterInsert|__sfdc_trigger/ExampleTrigger
14:14:19.2 (694543664)|HEAP_ALLOCATE|[EXTERNAL]|Bytes:12
14:14:19.2 (694690607)|HEAP_ALLOCATE|[EXTERNAL]|Bytes:4
14:14:19.2 (694705799)|VARIABLE_SCOPE_BEGIN|[1]|this|ExampleTrigger|true|false
14:14:19.2 (694742985)|VARIABLE_ASSIGNMENT|[1]|this|{}|0x465af998
14:14:19.2 (694773400)|HEAP_ALLOCATE|[EXTERNAL]|Bytes:4
14:14:19.2 (694787103)|VARIABLE_SCOPE_BEGIN|[1]|this|ExampleTrigger|true|false
14:14:19.2 (694800465)|VARIABLE_ASSIGNMENT|[1]|this|{}|0x465af998
14:14:19.2 (694812546)|STATEMENT_EXECUTE|[1]
14:14:19.2 (694840323)|STATEMENT_EXECUTE|[2]
14:14:19.2 (694843601)|STATEMENT_EXECUTE|[3]
14:14:19.2 (694919603)|VARIABLE_SCOPE_BEGIN|[3]|recordCount|Integer|false|false
14:14:19.2 (694931254)|HEAP_ALLOCATE|[3]|Bytes:4
14:14:19.2 (694946643)|VARIABLE_ASSIGNMENT|[3]|recordCount|2
14:14:19.2 (694952855)|STATEMENT_EXECUTE|[5]
14:14:19.2 (694958901)|HEAP_ALLOCATE|[5]|Bytes:24
14:14:19.2 (694965576)|HEAP_ALLOCATE|[5]|Bytes:26
14:14:19.2 (695036064)|HEAP_ALLOCATE|[6]|Bytes:1
14:14:19.2 (695053079)|HEAP_ALLOCATE|[6]|Bytes:26
14:14:19.2 (695063906)|HEAP_ALLOCATE|[6]|Bytes:27
14:14:19.2 (699207693)|HEAP_ALLOCATE|[5]|Bytes:4
14:14:19.2 (699237948)|HEAP_ALLOCATE|[5]|Bytes:5
14:14:19.2 (699262082)|METHOD_ENTRY|[1]|01p5w00000KZhjz|EmailManager.EmailManager()
14:14:19.2 (699272861)|STATEMENT_EXECUTE|[1]
14:14:19.2 (699282162)|STATEMENT_EXECUTE|[1]
14:14:19.2 (699290785)|METHOD_EXIT|[1]|EmailManager
14:14:19.2 (699316318)|METHOD_ENTRY|[5]|01p5w00000KZhjz|EmailManager.sendMail(String, String, String)
14:14:19.2 (699348807)|VARIABLE_SCOPE_BEGIN|[3]|address|String|false|false
14:14:19.2 (699377142)|VARIABLE_ASSIGNMENT|[3]|address|"musicmanmorris@gmail (4 more) ..."
14:14:19.2 (699383383)|VARIABLE_SCOPE_BEGIN|[3]|subject|String|false|false
14:14:19.2 (699396730)|VARIABLE_ASSIGNMENT|[3]|subject|"Trailhead Trigger Tu (6 more) ..."
14:14:19.2 (699402402)|VARIABLE_SCOPE_BEGIN|[3]|body|String|false|false
14:14:19.2 (699414798)|VARIABLE_ASSIGNMENT|[3]|body|"2 contact(s) were in (7 more) ..."
14:14:19.2 (699436261)|STATEMENT_EXECUTE|[3]
14:14:19.2 (699439572)|STATEMENT_EXECUTE|[5]
14:14:19.2 (699558344)|VARIABLE_SCOPE_BEGIN|[5]|mail|Messaging.SingleEmailMessage|true|false
14:14:19.2 (699829173)|VARIABLE_ASSIGNMENT|[5]|mail|"common.api.soap.wsdl.SingleEmailMessage@5d0d67da"|0x3d27dddc
14:14:19.2 (699839064)|STATEMENT_EXECUTE|[6]
14:14:19.2 (699866396)|HEAP_ALLOCATE|[6]|Bytes:4
14:14:19.2 (699922205)|VARIABLE_SCOPE_BEGIN|[6]|toAddresses|List<String>|true|false
14:14:19.2 (699960269)|HEAP_ALLOCATE|[EXTERNAL]|Bytes:8
14:14:19.2 (699989227)|VARIABLE_ASSIGNMENT|[6]|toAddresses|["musicmanmorris@gmail (4 more) ..."]|0x44641657
14:14:19.2 (699996976)|STATEMENT_EXECUTE|[7]
14:14:19.2 (700073903)|STATEMENT_EXECUTE|[8]
14:14:19.2 (700138965)|STATEMENT_EXECUTE|[9]
14:14:19.2 (700165939)|STATEMENT_EXECUTE|[12]
14:14:19.2 (700199802)|HEAP_ALLOCATE|[13]|Bytes:4
14:14:19.2 (700306040)|HEAP_ALLOCATE|[EXTERNAL]|Bytes:8
14:14:19.2 (700425514)|HEAP_ALLOCATE|[EXTERNAL]|Bytes:8
14:14:19.2 (773824929)|EMAIL_QUEUE|[12]|subject: Trailhead Trigger Tutorial, bccSender: false, saveAsActivity: true, useSignature: true, toAddresses: [musicmanmorris@gmail.com], plainTextBody: 2 contact(s) were inserted., 
14:14:19.2 (773941335)|HEAP_ALLOCATE|[EXTERNAL]|Bytes:8
14:14:19.2 (774007295)|HEAP_ALLOCATE|[12]|Bytes:8
14:14:19.2 (774043328)|VARIABLE_SCOPE_BEGIN|[12]|results|List<Messaging.SendEmailResult>|true|false
14:14:19.2 (774179858)|VARIABLE_ASSIGNMENT|[12]|results|"common.apex.runtime.impl.ScalarList@84729f8"|0x2543ba37
14:14:19.2 (774194149)|STATEMENT_EXECUTE|[16]
14:14:19.2 (774228095)|METHOD_ENTRY|[16]|01p5w00000KZhjz|EmailManager.inspectResults(List<Messaging.SendEmailResult>)
14:14:19.2 (774259638)|VARIABLE_SCOPE_BEGIN|[20]|results|List<Messaging.SendEmailResult>|true|false
14:14:19.2 (774300885)|VARIABLE_ASSIGNMENT|[20]|results|"common.apex.runtime.impl.ScalarList@84729f8"|0x2543ba37
14:14:19.2 (774322571)|STATEMENT_EXECUTE|[20]
14:14:19.2 (774325905)|STATEMENT_EXECUTE|[21]
14:14:19.2 (774334441)|VARIABLE_SCOPE_BEGIN|[21]|sendResult|Boolean|false|false
14:14:19.2 (774361937)|HEAP_ALLOCATE|[21]|Bytes:5
14:14:19.2 (774374272)|VARIABLE_ASSIGNMENT|[21]|sendResult|true
14:14:19.2 (774554317)|HEAP_ALLOCATE|[27]|Bytes:5
14:14:19.2 (774619711)|HEAP_ALLOCATE|[27]|Bytes:4
14:14:19.2 (774652780)|VARIABLE_SCOPE_BEGIN|[27]|res|Messaging.SendEmailResult|true|false
14:14:19.2 (774709507)|VARIABLE_ASSIGNMENT|[27]|res|"common.api.soap.wsdl.SendEmailResult@84729d9"|0x1f9fd9ac
14:14:19.2 (774719427)|STATEMENT_EXECUTE|[27]
14:14:19.2 (774800794)|STATEMENT_EXECUTE|[28]
14:14:19.2 (774804006)|STATEMENT_EXECUTE|[29]
14:14:19.2 (774813774)|HEAP_ALLOCATE|[29]|Bytes:23
14:14:19.2 (774854578)|USER_DEBUG|[29]|DEBUG|Email sent successfully
14:14:19.2 (774876692)|HEAP_ALLOCATE|[27]|Bytes:5
14:14:19.2 (774893588)|VARIABLE_ASSIGNMENT|[27]|res|null|
14:14:19.2 (774901126)|STATEMENT_EXECUTE|[37]
14:14:19.2 (774910241)|METHOD_EXIT|[16]|01p5w00000KZhjz|EmailManager.inspectResults(List<Messaging.SendEmailResult>)
14:14:19.2 (774924880)|METHOD_EXIT|[5]|01p5w00000KZhjz|EmailManager.sendMail(String, String, String)
14:14:19.774 (774940676)|CUMULATIVE_LIMIT_USAGE
14:14:19.774 (774940676)|LIMIT_USAGE_FOR_NS|(default)|
  Number of SOQL queries: 1 out of 100
  Number of query rows: 1 out of 50000
  Number of SOSL queries: 0 out of 20
  Number of DML statements: 3 out of 150
  Number of DML rows: 4 out of 10000
  Maximum CPU time: 0 out of 10000
  Maximum heap size: 0 out of 6000000
  Number of callouts: 0 out of 100
  Number of Email Invocations: 1 out of 10
  Number of future calls: 0 out of 50
  Number of queueable jobs added to the queue: 0 out of 50
  Number of Mobile Apex push calls: 0 out of 10

14:14:19.774 (774940676)|CUMULATIVE_LIMIT_USAGE_END

14:14:19.2 (776711677)|CODE_UNIT_FINISHED|ExampleTrigger on Contact trigger event AfterInsert|__sfdc_trigger/ExampleTrigger
14:14:19.2 (779830145)|DML_END|[11]
14:14:19.2 (779899804)|HEAP_ALLOCATE|[EXTERNAL]|Bytes:12
14:14:19.2 (779928671)|STATEMENT_EXECUTE|[13]
14:14:19.2 (779939283)|HEAP_ALLOCATE|[13]|Bytes:69
14:14:19.2 (779983402)|HEAP_ALLOCATE|[13]|Bytes:4
14:14:19.2 (780420110)|SOQL_EXECUTE_BEGIN|[13]|Aggregations:1|SELECT Id, (SELECT Id FROM Contacts) FROM Account WHERE Id = :tmpVar1
14:14:19.2 (790937981)|SOQL_EXECUTE_END|[13]|Rows:1
14:14:19.2 (790994286)|HEAP_ALLOCATE|[13]|Bytes:8
14:14:19.2 (791053239)|HEAP_ALLOCATE|[13]|Bytes:161
14:14:19.2 (791112611)|HEAP_ALLOCATE|[13]|Bytes:8
14:14:19.2 (791140795)|VARIABLE_SCOPE_BEGIN|[13]|accList|List<Account>|true|false
14:14:19.2 (791207176)|VARIABLE_ASSIGNMENT|[13]|accList|[{"Id":"0015w00002H1XEeAAN","Contacts":[{"AccountId":"0015w00002H1XEeAAN","Id":"0035w00003AuR9YAAV"},{"AccountId":"0015w00002H1XEeAAN","Id":"0035w00003AuR9ZAAV"}]}]|0x55ab8112
14:14:19.2 (791222423)|STATEMENT_EXECUTE|[14]
14:14:19.2 (791244396)|HEAP_ALLOCATE|[14]|Bytes:4
14:14:19.2 (791296544)|VARIABLE_SCOPE_BEGIN|[14]|idList|List<Id>|true|false
14:14:19.2 (791326288)|HEAP_ALLOCATE|[EXTERNAL]|Bytes:4
14:14:19.2 (791338704)|VARIABLE_ASSIGNMENT|[14]|idList|[]|0x4f8d9028
14:14:19.2 (791411753)|HEAP_ALLOCATE|[15]|Bytes:5
14:14:19.2 (791436779)|HEAP_ALLOCATE|[15]|Bytes:12
14:14:19.2 (791449844)|VARIABLE_SCOPE_BEGIN|[15]|acc|Account|true|false
14:14:19.2 (791475911)|VARIABLE_ASSIGNMENT|[15]|acc|{"Id":"0015w00002H1XEeAAN","Contacts":[{"AccountId":"0015w00002H1XEeAAN","Id":"0035w00003AuR9YAAV"},{"AccountId":"0015w00002H1XEeAAN","Id":"0035w00003AuR9ZAAV"}]}|0x19f0426
14:14:19.2 (791485638)|STATEMENT_EXECUTE|[15]
14:14:19.2 (791488969)|STATEMENT_EXECUTE|[16]
14:14:19.2 (791553643)|HEAP_ALLOCATE|[EXTERNAL]|Bytes:4
14:14:19.2 (791571508)|HEAP_ALLOCATE|[15]|Bytes:5
14:14:19.2 (791587645)|VARIABLE_ASSIGNMENT|[15]|acc|null|
14:14:19.2 (791595011)|STATEMENT_EXECUTE|[18]
14:14:19.2 (791665004)|HEAP_ALLOCATE|[18]|Bytes:24
14:14:19.2 (791687285)|SYSTEM_METHOD_ENTRY|[1]|JSON.JSON()
14:14:19.2 (791692452)|STATEMENT_EXECUTE|[1]
14:14:19.2 (791703373)|SYSTEM_METHOD_EXIT|[1]|JSON
14:14:19.2 (791725785)|METHOD_ENTRY|[18]||System.JSON.serializePretty(Object)
14:14:19.2 (792025591)|METHOD_EXIT|[18]||System.JSON.serializePretty(Object)
14:14:19.2 (792049898)|USER_DEBUG|[18]|DEBUG|[ "0015w00002H1XEeAAN" ]
14:14:19.2 (792062528)|STATEMENT_EXECUTE|[19]
14:14:19.2 (792103589)|HEAP_ALLOCATE|[19]|Bytes:74
14:14:19.2 (792118587)|SYSTEM_METHOD_ENTRY|[1]|Test.Test()
14:14:19.2 (792123285)|STATEMENT_EXECUTE|[1]
14:14:19.2 (792129946)|SYSTEM_METHOD_EXIT|[1]|Test
14:14:19.2 (792142389)|METHOD_ENTRY|[19]||System.Test.startTest()
14:14:19.2 (794329576)|METHOD_EXIT|[19]||System.Test.startTest()
14:14:19.2 (794358824)|STATEMENT_EXECUTE|[20]
14:14:19.2 (794373143)|HEAP_ALLOCATE|[20]|Bytes:16
14:14:19.2 (794386942)|HEAP_ALLOCATE|[20]|Bytes:13
14:14:19.2 (794420179)|HEAP_ALLOCATE|[20]|Bytes:4
14:14:19.2 (794480527)|HEAP_ALLOCATE|[20]|Bytes:4
14:14:19.2 (794494916)|HEAP_ALLOCATE|[20]|Bytes:8
14:14:19.2 (794534175)|HEAP_ALLOCATE|[EXTERNAL]|Bytes:8
14:14:19.2 (794547786)|HEAP_ALLOCATE|[EXTERNAL]|Bytes:8
14:14:19.2 (805241207)|STATEMENT_EXECUTE|[21]
14:14:19.2 (805274196)|METHOD_ENTRY|[21]||System.Test.stopTest()
14:14:19.2 (807552385)|CODE_UNIT_STARTED|[EXTERNAL]|01p5w00000Ka3RN|AccountProcessor.countContacts(List<Id>)
14:14:19.2 (807675078)|HEAP_ALLOCATE|[EXTERNAL]|Bytes:1
14:14:19.2 (807701720)|METHOD_ENTRY|[1]|01p5w00000Ka3RN|AccountProcessor.AccountProcessor()
14:14:19.2 (807715128)|STATEMENT_EXECUTE|[1]
14:14:19.2 (807724760)|STATEMENT_EXECUTE|[1]
14:14:19.2 (808264224)|SYSTEM_MODE_ENTER|false
14:14:19.2 (808291407)|HEAP_ALLOCATE|[EXTERNAL]|Bytes:5
14:14:19.2 (808306900)|SYSTEM_MODE_EXIT|false
14:14:19.2 (808322058)|METHOD_EXIT|[1]|AccountProcessor
14:14:19.2 (808357407)|HEAP_ALLOCATE|[EXTERNAL]|Bytes:8
14:14:19.2 (808383310)|VARIABLE_SCOPE_BEGIN|[3]|acctIds|List<Id>|true|false
14:14:19.2 (808428575)|VARIABLE_ASSIGNMENT|[3]|acctIds|["0015w00002H1XEeAAN"]|0x4f8d9028
14:14:19.2 (808462473)|SYSTEM_MODE_ENTER|false
14:14:19.2 (808471407)|HEAP_ALLOCATE|[4]|Bytes:5
14:14:19.2 (808480383)|STATEMENT_EXECUTE|[3]
14:14:19.2 (808483943)|STATEMENT_EXECUTE|[4]
14:14:19.2 (808490162)|HEAP_ALLOCATE|[4]|Bytes:93
14:14:19.2 (808517607)|HEAP_ALLOCATE|[4]|Bytes:4
14:14:19.2 (809184036)|SOQL_EXECUTE_BEGIN|[4]|Aggregations:1|SELECT Id, Number_of_Contacts__c, (SELECT Id FROM Contacts) FROM Account WHERE Id IN :tmpVar1
14:14:19.2 (820820117)|SOQL_EXECUTE_END|[4]|Rows:1
14:14:19.2 (820882075)|HEAP_ALLOCATE|[4]|Bytes:8
14:14:19.2 (820940915)|HEAP_ALLOCATE|[4]|Bytes:161
14:14:19.2 (821008655)|HEAP_ALLOCATE|[4]|Bytes:8
14:14:19.2 (821035276)|VARIABLE_SCOPE_BEGIN|[4]|accounts|List<Account>|true|false
14:14:19.2 (821095498)|VARIABLE_ASSIGNMENT|[4]|accounts|[{"Id":"0015w00002H1XEeAAN","Contacts":[{"AccountId":"0015w00002H1XEeAAN","Id":"0035w00003AuR9YAAV"},{"AccountId":"0015w00002H1XEeAAN","Id":"0035w00003AuR9ZAAV"}]}]|0x43810ad5
14:14:19.2 (821110885)|STATEMENT_EXECUTE|[5]
14:14:19.2 (821127461)|HEAP_ALLOCATE|[5]|Bytes:4
14:14:19.2 (821179337)|VARIABLE_SCOPE_BEGIN|[5]|newList|List<Account>|true|false
14:14:19.2 (821190180)|HEAP_ALLOCATE|[EXTERNAL]|Bytes:4
14:14:19.2 (821199789)|VARIABLE_ASSIGNMENT|[5]|newList|[]|0x5743184d
14:14:19.2 (821272429)|HEAP_ALLOCATE|[6]|Bytes:5
14:14:19.2 (821297023)|HEAP_ALLOCATE|[6]|Bytes:12
14:14:19.2 (821310124)|VARIABLE_SCOPE_BEGIN|[6]|a|Account|true|false
14:14:19.2 (821354242)|VARIABLE_ASSIGNMENT|[6]|a|{"Id":"0015w00002H1XEeAAN","Contacts":[{"AccountId":"0015w00002H1XEeAAN","Id":"0035w00003AuR9YAAV"},{"AccountId":"0015w00002H1XEeAAN","Id":"0035w00003AuR9ZAAV"}]}|0x15932984
14:14:19.2 (821364605)|STATEMENT_EXECUTE|[6]
14:14:19.2 (821372022)|HEAP_ALLOCATE|[7]|Bytes:8
14:14:19.2 (821450705)|HEAP_ALLOCATE|[EXTERNAL]|Bytes:12
14:14:19.2 (821473544)|HEAP_ALLOCATE|[7]|Bytes:12
14:14:19.2 (821520093)|STATEMENT_EXECUTE|[7]
14:14:19.2 (821523609)|STATEMENT_EXECUTE|[8]
14:14:19.2 (821546085)|HEAP_ALLOCATE|[EXTERNAL]|Bytes:12
14:14:19.2 (821560005)|HEAP_ALLOCATE|[8]|Bytes:12
14:14:19.2 (821621099)|HEAP_ALLOCATE|[8]|Bytes:28
14:14:19.2 (821626802)|HEAP_ALLOCATE|[8]|Bytes:28
14:14:19.2 (821716683)|HEAP_ALLOCATE|[8]|Bytes:-4
14:14:19.2 (821746635)|VARIABLE_ASSIGNMENT|[8]|this.Number_of_Contacts__c|2|0x15932984
14:14:19.2 (821755749)|STATEMENT_EXECUTE|[9]
14:14:19.2 (821798009)|HEAP_ALLOCATE|[EXTERNAL]|Bytes:4
14:14:19.2 (821821283)|HEAP_ALLOCATE|[6]|Bytes:5
14:14:19.2 (821842029)|VARIABLE_ASSIGNMENT|[6]|a|null|
14:14:19.2 (821849682)|STATEMENT_EXECUTE|[12]
14:14:19.2 (821902344)|DML_BEGIN|[12]|Op:Update|Type:Account|Rows:1
14:14:19.2 (821946959)|HEAP_ALLOCATE|[EXTERNAL]|Bytes:8
14:14:19.2 (834951648)|CODE_UNIT_STARTED|[EXTERNAL]|01q5w000000Ocrg|AccountAddressTrigger on Account trigger event BeforeUpdate|__sfdc_trigger/AccountAddressTrigger
14:14:19.2 (835062137)|HEAP_ALLOCATE|[EXTERNAL]|Bytes:8
14:14:19.2 (835115033)|HEAP_ALLOCATE|[EXTERNAL]|Bytes:8
14:14:19.2 (835198678)|HEAP_ALLOCATE|[EXTERNAL]|Bytes:4
14:14:19.2 (835213802)|VARIABLE_SCOPE_BEGIN|[1]|this|AccountAddressTrigger|true|false
14:14:19.2 (835255985)|VARIABLE_ASSIGNMENT|[1]|this|{}|0x3ecc9fdd
14:14:19.2 (835289876)|HEAP_ALLOCATE|[EXTERNAL]|Bytes:4
14:14:19.2 (835298619)|VARIABLE_SCOPE_BEGIN|[1]|this|AccountAddressTrigger|true|false
14:14:19.2 (835312337)|VARIABLE_ASSIGNMENT|[1]|this|{}|0x3ecc9fdd
14:14:19.2 (835324384)|STATEMENT_EXECUTE|[1]
14:14:19.2 (835424211)|HEAP_ALLOCATE|[2]|Bytes:5
14:14:19.2 (835451788)|HEAP_ALLOCATE|[2]|Bytes:4
14:14:19.2 (835465928)|VARIABLE_SCOPE_BEGIN|[2]|a|Account|true|false
14:14:19.2 (837520040)|VARIABLE_ASSIGNMENT|[2]|a|{"LastModifiedDate":"2020-08-04T21:14:19.000Z","IsDeleted":false,"SystemModstamp":"2020-08-04T21:14:19.000Z","Name":"Test Name","Number_of_Contacts__c":2,"Data_Quality_Description__c":"Missing: Industry, R (36 more) ...","CleanStatus":"Pending","IsBuyer":false,"OwnerId":"0055w00000C3LSYAA3","CreatedById":"0055w00000C3LSYAA3","Match_Billing_Address__c":false,"CreatedDate":"2020-08-04T21:14:19.000Z","Id":"0015w00002H1XEeAAN","Data_Quality_Score__c":0,"LastModifiedById":"0055w00000C3LSYAA3"}|0x1dd2450b
14:14:19.2 (837558758)|STATEMENT_EXECUTE|[2]
14:14:19.2 (837628035)|STATEMENT_EXECUTE|[3]
14:14:19.2 (837656542)|HEAP_ALLOCATE|[2]|Bytes:5
14:14:19.2 (837689604)|VARIABLE_ASSIGNMENT|[2]|a|null|
14:14:19.837 (837702889)|CUMULATIVE_LIMIT_USAGE
14:14:19.837 (837702889)|LIMIT_USAGE_FOR_NS|(default)|
  Number of SOQL queries: 1 out of 200
  Number of query rows: 3 out of 50000
  Number of SOSL queries: 0 out of 20
  Number of DML statements: 1 out of 150
  Number of DML rows: 1 out of 10000
  Maximum CPU time: 0 out of 60000
  Maximum heap size: 0 out of 12000000
  Number of callouts: 0 out of 100
  Number of Email Invocations: 0 out of 10
  Number of future calls: 0 out of 50
  Number of queueable jobs added to the queue: 0 out of 1
  Number of Mobile Apex push calls: 0 out of 10

14:14:19.837 (837702889)|CUMULATIVE_LIMIT_USAGE_END

14:14:19.2 (839078153)|CODE_UNIT_FINISHED|AccountAddressTrigger on Account trigger event BeforeUpdate|__sfdc_trigger/AccountAddressTrigger
14:14:19.2 (863810030)|CODE_UNIT_STARTED|[EXTERNAL]|01q5w000000Ocr2|AddRelatedRecord on Account trigger event AfterUpdate|__sfdc_trigger/AddRelatedRecord
14:14:19.2 (863895257)|HEAP_ALLOCATE|[EXTERNAL]|Bytes:8
14:14:19.2 (863984442)|HEAP_ALLOCATE|[EXTERNAL]|Bytes:8
14:14:19.2 (864096479)|HEAP_ALLOCATE|[EXTERNAL]|Bytes:8
14:14:19.2 (864117298)|VARIABLE_SCOPE_BEGIN|[1]|this|AddRelatedRecord|true|false
14:14:19.2 (864212836)|VARIABLE_ASSIGNMENT|[1]|this|{}|0x1c26256f
14:14:19.2 (864258629)|HEAP_ALLOCATE|[EXTERNAL]|Bytes:8
14:14:19.2 (864270268)|VARIABLE_SCOPE_BEGIN|[1]|this|AddRelatedRecord|true|false
14:14:19.2 (864292014)|VARIABLE_ASSIGNMENT|[1]|this|{}|0x1c26256f
14:14:19.2 (864308144)|STATEMENT_EXECUTE|[1]
14:14:19.2 (864312946)|STATEMENT_EXECUTE|[2]
14:14:19.2 (864341764)|HEAP_ALLOCATE|[2]|Bytes:4
14:14:19.2 (864404192)|HEAP_ALLOCATE|[EXTERNAL]|Bytes:4
14:14:19.2 (864424555)|VARIABLE_ASSIGNMENT|[2]|this.oppList|[]|0x1c26256f
14:14:19.2 (864458145)|HEAP_ALLOCATE|[6]|Bytes:4
14:14:19.2 (865056343)|SOQL_EXECUTE_BEGIN|[6]|Aggregations:0|SELECT Id, Name FROM Account 
14:14:19.2 (872890728)|SOQL_EXECUTE_END|[6]|Rows:0
14:14:19.2 (873085091)|HEAP_ALLOCATE|[6]|Bytes:28
14:14:19.2 (873108034)|HEAP_ALLOCATE|[6]|Bytes:8
14:14:19.2 (873113709)|HEAP_ALLOCATE|[6]|Bytes:8
14:14:19.2 (873124568)|VARIABLE_SCOPE_BEGIN|[15]|this|Database.QueryLocatorIterator|true|false
14:14:19.2 (873178215)|VARIABLE_ASSIGNMENT|[15]|this|{}|0x5e458f50
14:14:19.2 (873191997)|VARIABLE_SCOPE_BEGIN|[15]|values|List<SObject>|true|false
14:14:19.2 (873208392)|VARIABLE_ASSIGNMENT|[15]|values|null|
14:14:19.2 (873216424)|VARIABLE_SCOPE_BEGIN|[15]|ql|Database.QueryLocator|true|false
14:14:19.2 (873258685)|VARIABLE_ASSIGNMENT|[15]|ql|{"query":"SELECT Id, Name FROM (81 more) ..."}|0x3a1a047b
14:14:19.2 (873268799)|VARIABLE_SCOPE_BEGIN|[15]|totalNumRecords|Integer|false|false
14:14:19.2 (873284581)|VARIABLE_ASSIGNMENT|[15]|totalNumRecords|0
14:14:19.2 (873292482)|VARIABLE_SCOPE_BEGIN|[15]|queryMoreSize|Integer|false|false
14:14:19.2 (873305740)|VARIABLE_ASSIGNMENT|[15]|queryMoreSize|49997
14:14:19.2 (873407276)|HEAP_ALLOCATE|[6]|Bytes:28
14:14:19.2 (873434590)|METHOD_ENTRY|[6]||Database.QueryLocatorIterator.hasNext()
14:14:19.2 (873474090)|METHOD_EXIT|[6]||Database.QueryLocatorIterator.hasNext()
14:14:19.2 (873489486)|VARIABLE_ASSIGNMENT|[6]|a|null|
14:14:19.2 (873501243)|STATEMENT_EXECUTE|[6]
14:14:19.2 (873539566)|STATEMENT_EXECUTE|[16]
14:14:19.873 (873547761)|CUMULATIVE_LIMIT_USAGE
14:14:19.873 (873547761)|LIMIT_USAGE_FOR_NS|(default)|
  Number of SOQL queries: 2 out of 200
  Number of query rows: 3 out of 50000
  Number of SOSL queries: 0 out of 20
  Number of DML statements: 1 out of 150
  Number of DML rows: 1 out of 10000
  Maximum CPU time: 0 out of 60000
  Maximum heap size: 0 out of 12000000
  Number of callouts: 0 out of 100
  Number of Email Invocations: 0 out of 10
  Number of future calls: 0 out of 50
  Number of queueable jobs added to the queue: 0 out of 1
  Number of Mobile Apex push calls: 0 out of 10

14:14:19.873 (873547761)|CUMULATIVE_LIMIT_USAGE_END

14:14:19.2 (875504285)|CODE_UNIT_FINISHED|AddRelatedRecord on Account trigger event AfterUpdate|__sfdc_trigger/AddRelatedRecord
14:14:19.2 (877424625)|DML_END|[12]
14:14:19.2 (877485945)|HEAP_ALLOCATE|[EXTERNAL]|Bytes:8
14:14:19.2 (877524465)|SYSTEM_MODE_EXIT|false
14:14:19.877 (877553216)|CUMULATIVE_LIMIT_USAGE
14:14:19.877 (877553216)|LIMIT_USAGE_FOR_NS|(default)|
  Number of SOQL queries: 2 out of 200
  Number of query rows: 3 out of 50000
  Number of SOSL queries: 0 out of 20
  Number of DML statements: 1 out of 150
  Number of DML rows: 1 out of 10000
  Maximum CPU time: 0 out of 60000
  Maximum heap size: 0 out of 12000000
  Number of callouts: 0 out of 100
  Number of Email Invocations: 0 out of 10
  Number of future calls: 0 out of 50
  Number of queueable jobs added to the queue: 0 out of 1
  Number of Mobile Apex push calls: 0 out of 10

14:14:19.877 (877553216)|CUMULATIVE_LIMIT_USAGE_END

14:14:19.2 (877608594)|CODE_UNIT_FINISHED|AccountProcessor.countContacts(List<Id>)
14:14:19.2 (879525140)|METHOD_EXIT|[21]||System.Test.stopTest()
14:14:19.2 (879548553)|STATEMENT_EXECUTE|[23]
14:14:19.2 (879562757)|HEAP_ALLOCATE|[23]|Bytes:65
14:14:19.2 (879599765)|HEAP_ALLOCATE|[23]|Bytes:4
14:14:19.2 (880035287)|SOQL_EXECUTE_BEGIN|[23]|Aggregations:0|SELECT Id, Number_of_Contacts__c FROM Account WHERE Id = :tmpVar1
14:14:19.2 (883800573)|SOQL_EXECUTE_END|[23]|Rows:1
14:14:19.2 (883855877)|HEAP_ALLOCATE|[23]|Bytes:8
14:14:19.2 (883911278)|HEAP_ALLOCATE|[23]|Bytes:90
14:14:19.2 (883994612)|HEAP_ALLOCATE|[23]|Bytes:8
14:14:19.2 (884025349)|HEAP_ALLOCATE|[23]|Bytes:33
14:14:19.2 (884079907)|HEAP_ALLOCATE|[23]|Bytes:12
14:14:19.2 (884100183)|VARIABLE_SCOPE_BEGIN|[23]|act|Account|true|false
14:14:19.2 (884158054)|VARIABLE_ASSIGNMENT|[23]|act|{"Id":"0015w00002H1XEeAAN","Number_of_Contacts__c":2}|0x4b0f6a0f
14:14:19.2 (884175227)|STATEMENT_EXECUTE|[24]
14:14:19.884 (884359068)|CUMULATIVE_LIMIT_USAGE
14:14:19.884 (884359068)|LIMIT_USAGE_FOR_NS|(default)|
  Number of SOQL queries: 3 out of 100
  Number of query rows: 5 out of 50000
  Number of SOSL queries: 0 out of 20
  Number of DML statements: 3 out of 150
  Number of DML rows: 4 out of 10000
  Maximum CPU time: 0 out of 10000
  Maximum heap size: 0 out of 6000000
  Number of callouts: 0 out of 100
  Number of Email Invocations: 1 out of 10
  Number of future calls: 0 out of 50
  Number of queueable jobs added to the queue: 0 out of 50
  Number of Mobile Apex push calls: 0 out of 10

14:14:19.884 (884359068)|TESTING_LIMITS
14:14:19.884 (884359068)|LIMIT_USAGE_FOR_NS|(default)|
  Number of SOQL queries: 0 out of 100
  Number of query rows: 0 out of 50000
  Number of SOSL queries: 0 out of 20
  Number of DML statements: 0 out of 150
  Number of DML rows: 0 out of 10000
  Maximum CPU time: 0 out of 10000
  Maximum heap size: 0 out of 6000000
  Number of callouts: 0 out of 100
  Number of Email Invocations: 0 out of 10
  Number of future calls: 1 out of 50
  Number of queueable jobs added to the queue: 0 out of 50
  Number of Mobile Apex push calls: 0 out of 10

14:14:19.884 (884359068)|CUMULATIVE_LIMIT_USAGE_END

14:14:19.2 (884427063)|CODE_UNIT_FINISHED|AccountProcessorTest.testAccountProcessor()
14:14:19.2 (884439329)|EXECUTION_FINISHED
